#
# There is insufficient memory for the Java Runtime Environment to continue.
# Native memory allocation (malloc) failed to allocate 1774096 bytes for Chunk::new
# Possible reasons:
#   The system is out of physical RAM or swap space
#   The process is running with CompressedOops enabled, and the Java Heap may be blocking the growth of the native heap
# Possible solutions:
#   Reduce memory load on the system
#   Increase physical memory or swap space
#   Check if swap backing store is full
#   Decrease Java heap size (-Xmx/-Xms)
#   Decrease number of Java threads
#   Decrease Java thread stack sizes (-Xss)
#   Set larger code cache with -XX:ReservedCodeCacheSize=
#   JVM is running with Zero Based Compressed Oops mode in which the Java heap is
#     placed in the first 32GB address space. The Java Heap base address is the
#     maximum limit for the native heap growth. Please use -XX:HeapBaseMinAddress
#     to set the Java Heap base and to place the Java Heap above 32GB virtual address.
# This output file may be truncated or incomplete.
#
#  Out of Memory Error (arena.cpp:189), pid=12408, tid=26640
#
# JRE version: OpenJDK Runtime Environment (17.0.6) (build 17.0.6+0-b2043.56-9586694)
# Java VM: OpenJDK 64-Bit Server VM (17.0.6+0-b2043.56-9586694, mixed mode, tiered, compressed oops, compressed class ptrs, g1 gc, windows-amd64)
# No core dump will be written. Minidumps are not enabled by default on client versions of Windows
#

---------------  S U M M A R Y ------------

Command Line: org.jetbrains.kotlin.cli.jvm.K2JVMCompiler @D:\Projects\PoseDetectionKt\app\build\20230507_12708617300062279396.compiler.options

Host: Intel(R) Core(TM) i5-10210U CPU @ 1.60GHz, 8 cores, 15G,  Windows 11 , 64 bit Build 22621 (10.0.22621.1635)
Time: Sun May  7 00:18:55 2023 Pakistan Standard Time elapsed time: 3.902539 seconds (0d 0h 0m 3s)

---------------  T H R E A D  ---------------

Current thread (0x000001e25d1d7ff0):  JavaThread "C2 CompilerThread1" daemon [_thread_in_native, id=26640, stack(0x000000988d400000,0x000000988d500000)]


Current CompileTask:
C2:   3902 2031   !   4       jdk.internal.loader.BuiltinClassLoader::loadClassOrNull (143 bytes)

Stack: [0x000000988d400000,0x000000988d500000]
Native frames: (J=compiled Java code, j=interpreted, Vv=VM code, C=native code)
V  [jvm.dll+0x683b4a]
V  [jvm.dll+0x842654]
V  [jvm.dll+0x843dfe]
V  [jvm.dll+0x844463]
V  [jvm.dll+0x249b75]
V  [jvm.dll+0xabcac]
V  [jvm.dll+0xac27c]
V  [jvm.dll+0x368857]
V  [jvm.dll+0x1bced2]
V  [jvm.dll+0x21c359]
V  [jvm.dll+0x21b621]
V  [jvm.dll+0x1a4fdd]
V  [jvm.dll+0x22b098]
V  [jvm.dll+0x229159]
V  [jvm.dll+0x7f809c]
V  [jvm.dll+0x7f25fa]
V  [jvm.dll+0x682985]
C  [ucrtbase.dll+0x29363]
C  [KERNEL32.DLL+0x126ad]
C  [ntdll.dll+0x5a9f8]


---------------  P R O C E S S  ---------------

Threads class SMR info:
_java_thread_list=0x000001e25d4ed660, length=13, elements={
0x000001e23a86e110, 0x000001e25bc32e10, 0x000001e25bc339c0, 0x000001e25bc56d10,
0x000001e25bc96ff0, 0x000001e25bc975b0, 0x000001e25bc99f70, 0x000001e25bc9ac50,
0x000001e25bc9b6f0, 0x000001e25bc9c0e0, 0x000001e25be1aa50, 0x000001e25be221e0,
0x000001e25d1d7ff0
}

Java Threads: ( => current thread )
  0x000001e23a86e110 JavaThread "main" [_thread_in_vm, id=3620, stack(0x000000988b900000,0x000000988ba00000)]
  0x000001e25bc32e10 JavaThread "Reference Handler" daemon [_thread_blocked, id=6720, stack(0x000000988c000000,0x000000988c100000)]
  0x000001e25bc339c0 JavaThread "Finalizer" daemon [_thread_blocked, id=10604, stack(0x000000988c100000,0x000000988c200000)]
  0x000001e25bc56d10 JavaThread "Signal Dispatcher" daemon [_thread_blocked, id=11812, stack(0x000000988c200000,0x000000988c300000)]
  0x000001e25bc96ff0 JavaThread "Attach Listener" daemon [_thread_blocked, id=12868, stack(0x000000988c300000,0x000000988c400000)]
  0x000001e25bc975b0 JavaThread "Service Thread" daemon [_thread_blocked, id=17288, stack(0x000000988c400000,0x000000988c500000)]
  0x000001e25bc99f70 JavaThread "Monitor Deflation Thread" daemon [_thread_blocked, id=19324, stack(0x000000988c500000,0x000000988c600000)]
  0x000001e25bc9ac50 JavaThread "C2 CompilerThread0" daemon [_thread_blocked, id=5808, stack(0x000000988c600000,0x000000988c700000)]
  0x000001e25bc9b6f0 JavaThread "C1 CompilerThread0" daemon [_thread_blocked, id=8464, stack(0x000000988c700000,0x000000988c800000)]
  0x000001e25bc9c0e0 JavaThread "Sweeper thread" daemon [_thread_blocked, id=21880, stack(0x000000988c800000,0x000000988c900000)]
  0x000001e25be1aa50 JavaThread "Notification Thread" daemon [_thread_blocked, id=6792, stack(0x000000988c900000,0x000000988ca00000)]
  0x000001e25be221e0 JavaThread "Common-Cleaner" daemon [_thread_blocked, id=8584, stack(0x000000988cb00000,0x000000988cc00000)]
=>0x000001e25d1d7ff0 JavaThread "C2 CompilerThread1" daemon [_thread_in_native, id=26640, stack(0x000000988d400000,0x000000988d500000)]

Other Threads:
  0x000001e25b13ec20 VMThread "VM Thread" [stack: 0x000000988bf00000,0x000000988c000000] [id=16564]
  0x000001e25be1af20 WatcherThread [stack: 0x000000988ca00000,0x000000988cb00000] [id=3424]
  0x000001e23a8d9c80 GCTaskThread "GC Thread#0" [stack: 0x000000988ba00000,0x000000988bb00000] [id=11280]
  0x000001e25c2f2c70 GCTaskThread "GC Thread#1" [stack: 0x000000988cc00000,0x000000988cd00000] [id=26784]
  0x000001e25c2f2f20 GCTaskThread "GC Thread#2" [stack: 0x000000988cd00000,0x000000988ce00000] [id=19416]
  0x000001e25c2f31d0 GCTaskThread "GC Thread#3" [stack: 0x000000988ce00000,0x000000988cf00000] [id=26888]
  0x000001e25c33ce30 GCTaskThread "GC Thread#4" [stack: 0x000000988cf00000,0x000000988d000000] [id=26556]
  0x000001e25c33d0e0 GCTaskThread "GC Thread#5" [stack: 0x000000988d000000,0x000000988d100000] [id=22372]
  0x000001e25c4cf330 GCTaskThread "GC Thread#6" [stack: 0x000000988d100000,0x000000988d200000] [id=25376]
  0x000001e25c4cf5e0 GCTaskThread "GC Thread#7" [stack: 0x000000988d200000,0x000000988d300000] [id=7088]
  0x000001e23a8eb960 ConcurrentGCThread "G1 Main Marker" [stack: 0x000000988bb00000,0x000000988bc00000] [id=26432]
  0x000001e23a8ec370 ConcurrentGCThread "G1 Conc#0" [stack: 0x000000988bc00000,0x000000988bd00000] [id=26776]
  0x000001e25c4cf890 ConcurrentGCThread "G1 Conc#1" [stack: 0x000000988d300000,0x000000988d400000] [id=24756]
  0x000001e23a92d5a0 ConcurrentGCThread "G1 Refine#0" [stack: 0x000000988bd00000,0x000000988be00000] [id=5092]
  0x000001e25afd44f0 ConcurrentGCThread "G1 Service" [stack: 0x000000988be00000,0x000000988bf00000] [id=5424]

Threads with active compile tasks:
C2 CompilerThread1     3930 2031   !   4       jdk.internal.loader.BuiltinClassLoader::loadClassOrNull (143 bytes)

VM state: not at safepoint (normal execution)

VM Mutex/Monitor currently owned by a thread: None

Heap address: 0x0000000702600000, size: 4058 MB, Compressed Oops mode: Zero based, Oop shift amount: 3

CDS archive(s) not mapped
Compressed class space mapped at: 0x0000000800000000-0x0000000840000000, reserved size: 1073741824
Narrow klass base: 0x0000000800000000, Narrow klass shift: 0, Narrow klass range: 0x40000000

GC Precious Log:
 CPUs: 8 total, 8 available
 Memory: 16224M
 Large Page Support: Disabled
 NUMA Support: Disabled
 Compressed Oops: Enabled (Zero based)
 Heap Region Size: 2M
 Heap Min Capacity: 8M
 Heap Initial Capacity: 254M
 Heap Max Capacity: 4058M
 Pre-touch: Disabled
 Parallel Workers: 8
 Concurrent Workers: 2
 Concurrent Refinement Workers: 8
 Periodic GC: Disabled

Heap:
 garbage-first heap   total 49152K, used 20480K [0x0000000702600000, 0x0000000800000000)
  region size 2048K, 7 young (14336K), 4 survivors (8192K)
 Metaspace       used 29285K, committed 29504K, reserved 1081344K
  class space    used 3300K, committed 3392K, reserved 1048576K

Heap Regions: E=young(eden), S=young(survivor), O=old, HS=humongous(starts), HC=humongous(continues), CS=collection set, F=free, OA=open archive, CA=closed archive, TAMS=top-at-mark-start (previous, next)
|   0|0x0000000702600000, 0x0000000702800000, 0x0000000702800000|100%|HS|  |TAMS 0x0000000702800000, 0x0000000702600000| Complete 
|   1|0x0000000702800000, 0x0000000702a00000, 0x0000000702a00000|100%|HC|  |TAMS 0x0000000702a00000, 0x0000000702800000| Complete 
|   2|0x0000000702a00000, 0x0000000702c00000, 0x0000000702c00000|100%|HS|  |TAMS 0x0000000702a00000, 0x0000000702a00000| Complete 
|   3|0x0000000702c00000, 0x0000000702e00000, 0x0000000702e00000|100%|HC|  |TAMS 0x0000000702c00000, 0x0000000702c00000| Complete 
|   4|0x0000000702e00000, 0x0000000702e00000, 0x0000000703000000|  0%| F|  |TAMS 0x0000000702e00000, 0x0000000702e00000| Untracked 
|   5|0x0000000703000000, 0x0000000703200000, 0x0000000703200000|100%| S|CS|TAMS 0x0000000703000000, 0x0000000703000000| Complete 
|   6|0x0000000703200000, 0x0000000703400000, 0x0000000703400000|100%| S|CS|TAMS 0x0000000703200000, 0x0000000703200000| Complete 
|   7|0x0000000703400000, 0x0000000703600000, 0x0000000703600000|100%| S|CS|TAMS 0x0000000703400000, 0x0000000703400000| Complete 
|   8|0x0000000703600000, 0x0000000703800000, 0x0000000703800000|100%| S|CS|TAMS 0x0000000703600000, 0x0000000703600000| Complete 
|   9|0x0000000703800000, 0x0000000703800000, 0x0000000703a00000|  0%| F|  |TAMS 0x0000000703800000, 0x0000000703800000| Untracked 
|  10|0x0000000703a00000, 0x0000000703a00000, 0x0000000703c00000|  0%| F|  |TAMS 0x0000000703a00000, 0x0000000703a00000| Untracked 
|  11|0x0000000703c00000, 0x0000000703c00000, 0x0000000703e00000|  0%| F|  |TAMS 0x0000000703c00000, 0x0000000703c00000| Untracked 
|  12|0x0000000703e00000, 0x0000000703e00000, 0x0000000704000000|  0%| F|  |TAMS 0x0000000703e00000, 0x0000000703e00000| Untracked 
|  13|0x0000000704000000, 0x0000000704000000, 0x0000000704200000|  0%| F|  |TAMS 0x0000000704000000, 0x0000000704000000| Untracked 
|  14|0x0000000704200000, 0x0000000704200000, 0x0000000704400000|  0%| F|  |TAMS 0x0000000704200000, 0x0000000704200000| Untracked 
|  15|0x0000000704400000, 0x0000000704400000, 0x0000000704600000|  0%| F|  |TAMS 0x0000000704400000, 0x0000000704400000| Untracked 
|  16|0x0000000704600000, 0x0000000704600000, 0x0000000704800000|  0%| F|  |TAMS 0x0000000704600000, 0x0000000704600000| Untracked 
|  17|0x0000000704800000, 0x0000000704800000, 0x0000000704a00000|  0%| F|  |TAMS 0x0000000704800000, 0x0000000704800000| Untracked 
|  18|0x0000000704a00000, 0x0000000704a00000, 0x0000000704c00000|  0%| F|  |TAMS 0x0000000704a00000, 0x0000000704a00000| Untracked 
| 121|0x0000000711800000, 0x0000000711800000, 0x0000000711a00000|  0%| F|  |TAMS 0x0000000711800000, 0x0000000711800000| Untracked 
| 122|0x0000000711a00000, 0x0000000711a00000, 0x0000000711c00000|  0%| F|  |TAMS 0x0000000711a00000, 0x0000000711a00000| Untracked 
| 123|0x0000000711c00000, 0x0000000711c5c0d0, 0x0000000711e00000| 17%| E|  |TAMS 0x0000000711c00000, 0x0000000711c00000| Complete 
| 124|0x0000000711e00000, 0x0000000712000000, 0x0000000712000000|100%| E|CS|TAMS 0x0000000711e00000, 0x0000000711e00000| Complete 
| 126|0x0000000712200000, 0x0000000712400000, 0x0000000712400000|100%| E|CS|TAMS 0x0000000712200000, 0x0000000712200000| Complete 

Card table byte_map: [0x000001e24f760000,0x000001e24ff50000] _byte_map_base: 0x000001e24bf4d000

Marking Bits (Prev, Next): (CMBitMap*) 0x000001e23a8db2e0, (CMBitMap*) 0x000001e23a8db2a0
 Prev Bits: [0x000001e2546b0000, 0x000001e258618000)
 Next Bits: [0x000001e250740000, 0x000001e2546a8000)

Polling page: 0x000001e23a930000

Metaspace:

Usage:
  Non-class:     25.38 MB used.
      Class:      3.22 MB used.
       Both:     28.60 MB used.

Virtual space:
  Non-class space:       32.00 MB reserved,      25.50 MB ( 80%) committed,  4 nodes.
      Class space:        1.00 GB reserved,       3.31 MB ( <1%) committed,  1 nodes.
             Both:        1.03 GB reserved,      28.81 MB (  3%) committed. 

Chunk freelists:
   Non-Class:  2.34 MB
       Class:  577.00 KB
        Both:  2.91 MB

MaxMetaspaceSize: unlimited
CompressedClassSpaceSize: 1.00 GB
Initial GC threshold: 21.00 MB
Current GC threshold: 35.25 MB
CDS: off
MetaspaceReclaimPolicy: balanced
 - commit_granule_bytes: 65536.
 - commit_granule_words: 8192.
 - virtual_space_node_default_size: 1048576.
 - enlarge_chunks_in_place: 1.
 - new_chunks_are_fully_committed: 0.
 - uncommit_free_chunks: 1.
 - use_allocation_guard: 0.
 - handle_deallocations: 1.


Internal statistics:

num_allocs_failed_limit: 3.
num_arena_births: 176.
num_arena_deaths: 0.
num_vsnodes_births: 5.
num_vsnodes_deaths: 0.
num_space_committed: 461.
num_space_uncommitted: 0.
num_chunks_returned_to_freelist: 3.
num_chunks_taken_from_freelist: 870.
num_chunk_merges: 3.
num_chunk_splits: 670.
num_chunks_enlarged: 578.
num_purges: 0.
num_inconsistent_stats: 0.

CodeHeap 'non-profiled nmethods': size=120000Kb used=767Kb max_used=767Kb free=119232Kb
 bounds [0x000001e246fe0000, 0x000001e247250000, 0x000001e24e510000]
CodeHeap 'profiled nmethods': size=120000Kb used=3830Kb max_used=3830Kb free=116169Kb
 bounds [0x000001e23f510000, 0x000001e23f8d0000, 0x000001e246a40000]
CodeHeap 'non-nmethods': size=5760Kb used=1235Kb max_used=1261Kb free=4525Kb
 bounds [0x000001e246a40000, 0x000001e246cb0000, 0x000001e246fe0000]
 total_blobs=2627 nmethods=2085 adapters=454
 compilation: enabled
              stopped_count=0, restarted_count=0
 full_count=0

Compilation events (20 events):
Event: 3.828 Thread 0x000001e25bc9ac50 2072       4       java.util.WeakHashMap::remove (131 bytes)
Event: 3.848 Thread 0x000001e25bc9b6f0 2074       1       java.lang.invoke.DirectMethodHandle::isCrackable (5 bytes)
Event: 3.848 Thread 0x000001e25bc9b6f0 nmethod 2074 0x000001e24709cf90 code [0x000001e24709d120, 0x000001e24709d1f8]
Event: 3.848 Thread 0x000001e25bc9b6f0 2075       3       jdk.internal.misc.CDS::isDumpingArchive (4 bytes)
Event: 3.848 Thread 0x000001e25bc9b6f0 nmethod 2075 0x000001e23f8c9890 code [0x000001e23f8c9a20, 0x000001e23f8c9b18]
Event: 3.848 Thread 0x000001e25bc9b6f0 2076       3       java.lang.invoke.MethodHandles$Lookup$ClassFile::readUnsignedShort (39 bytes)
Event: 3.848 Thread 0x000001e25bc9b6f0 nmethod 2076 0x000001e23f8c9b90 code [0x000001e23f8c9d40, 0x000001e23f8c9f48]
Event: 3.848 Thread 0x000001e25bc9b6f0 2077       1       jdk.internal.org.objectweb.asm.ClassReader::getMaxStringLength (5 bytes)
Event: 3.848 Thread 0x000001e25bc9b6f0 nmethod 2077 0x000001e24709d290 code [0x000001e24709d420, 0x000001e24709d4f8]
Event: 3.848 Thread 0x000001e25bc9ac50 nmethod 2072 0x000001e24709d590 code [0x000001e24709d740, 0x000001e24709e108]
Event: 3.849 Thread 0x000001e25bc9ac50 2073       4       java.util.Collections$SetFromMap::remove (19 bytes)
Event: 3.850 Thread 0x000001e25bc9b6f0 2078       3       java.lang.Package::<init> (47 bytes)
Event: 3.850 Thread 0x000001e25bc9b6f0 nmethod 2078 0x000001e23f8ca090 code [0x000001e23f8ca280, 0x000001e23f8ca6e8]
Event: 3.850 Thread 0x000001e25bc9b6f0 2079       3       java.lang.Package$VersionInfo::getInstance (53 bytes)
Event: 3.851 Thread 0x000001e25bc9b6f0 nmethod 2079 0x000001e23f8ca910 code [0x000001e23f8caac0, 0x000001e23f8cae88]
Event: 3.851 Thread 0x000001e25bc9b6f0 2080       3       java.lang.Package$VersionInfo::<init> (44 bytes)
Event: 3.851 Thread 0x000001e25bc9b6f0 nmethod 2080 0x000001e23f8caf90 code [0x000001e23f8cb140, 0x000001e23f8cb578]
Event: 3.871 Thread 0x000001e25bc9ac50 nmethod 2073 0x000001e24709eb90 code [0x000001e24709ed40, 0x000001e24709f768]
Event: 3.874 Thread 0x000001e25bc9b6f0 2083       3       sun.invoke.util.VerifyAccess::getClassModifiers (24 bytes)
Event: 3.874 Thread 0x000001e25bc9b6f0 nmethod 2083 0x000001e23f8cb690 code [0x000001e23f8cb840, 0x000001e23f8cba98]

GC Heap History (8 events):
Event: 1.116 GC heap before
{Heap before GC invocations=0 (full 0):
 garbage-first heap   total 260096K, used 24576K [0x0000000702600000, 0x0000000800000000)
  region size 2048K, 11 young (22528K), 0 survivors (0K)
 Metaspace       used 12865K, committed 12992K, reserved 1064960K
  class space    used 1224K, committed 1280K, reserved 1048576K
}
Event: 1.125 GC heap after
{Heap after GC invocations=1 (full 0):
 garbage-first heap   total 260096K, used 6741K [0x0000000702600000, 0x0000000800000000)
  region size 2048K, 2 young (4096K), 2 survivors (4096K)
 Metaspace       used 12865K, committed 12992K, reserved 1064960K
  class space    used 1224K, committed 1280K, reserved 1048576K
}
Event: 2.318 GC heap before
{Heap before GC invocations=1 (full 0):
 garbage-first heap   total 260096K, used 37461K [0x0000000702600000, 0x0000000800000000)
  region size 2048K, 17 young (34816K), 2 survivors (4096K)
 Metaspace       used 20220K, committed 20352K, reserved 1073152K
  class space    used 2194K, committed 2240K, reserved 1048576K
}
Event: 2.325 GC heap after
{Heap after GC invocations=2 (full 0):
 garbage-first heap   total 260096K, used 10240K [0x0000000702600000, 0x0000000800000000)
  region size 2048K, 3 young (6144K), 3 survivors (6144K)
 Metaspace       used 20220K, committed 20352K, reserved 1073152K
  class space    used 2194K, committed 2240K, reserved 1048576K
}
Event: 2.413 GC heap before
{Heap before GC invocations=2 (full 0):
 garbage-first heap   total 260096K, used 12288K [0x0000000702600000, 0x0000000800000000)
  region size 2048K, 5 young (10240K), 3 survivors (6144K)
 Metaspace       used 21311K, committed 21504K, reserved 1073152K
  class space    used 2321K, committed 2432K, reserved 1048576K
}
Event: 2.419 GC heap after
{Heap after GC invocations=3 (full 0):
 garbage-first heap   total 260096K, used 10662K [0x0000000702600000, 0x0000000800000000)
  region size 2048K, 4 young (8192K), 4 survivors (8192K)
 Metaspace       used 21311K, committed 21504K, reserved 1073152K
  class space    used 2321K, committed 2432K, reserved 1048576K
}
Event: 3.742 GC heap before
{Heap before GC invocations=4 (full 0):
 garbage-first heap   total 49152K, used 35238K [0x0000000702600000, 0x0000000800000000)
  region size 2048K, 15 young (30720K), 4 survivors (8192K)
 Metaspace       used 27939K, committed 28160K, reserved 1081344K
  class space    used 3064K, committed 3200K, reserved 1048576K
}
Event: 3.760 GC heap after
{Heap after GC invocations=5 (full 0):
 garbage-first heap   total 49152K, used 16384K [0x0000000702600000, 0x0000000800000000)
  region size 2048K, 4 young (8192K), 4 survivors (8192K)
 Metaspace       used 27939K, committed 28160K, reserved 1081344K
  class space    used 3064K, committed 3200K, reserved 1048576K
}

Dll operation events (2 events):
Event: 0.014 Loaded shared library D:\Jetbrains\apps\AndroidStudio\ch-0\222.4459.24.2221.9971841\jbr\bin\java.dll
Event: 2.064 Loaded shared library D:\Jetbrains\apps\AndroidStudio\ch-0\222.4459.24.2221.9971841\jbr\bin\verify.dll

Deoptimization events (20 events):
Event: 3.085 Thread 0x000001e23a86e110 Uncommon trap: trap_request=0xffffff45 fr.pc=0x000001e24707ed20 relative=0x0000000000000180
Event: 3.085 Thread 0x000001e23a86e110 Uncommon trap: reason=unstable_if action=reinterpret pc=0x000001e24707ed20 method=jdk.nio.zipfs.ZipFileSystem.getParentOff([B)I @ 21 c2
Event: 3.085 Thread 0x000001e23a86e110 DEOPT PACKING pc=0x000001e24707ed20 sp=0x000000988b9fe620
Event: 3.085 Thread 0x000001e23a86e110 DEOPT UNPACKING pc=0x000001e246a969a3 sp=0x000000988b9fe5b0 mode 2
Event: 3.085 Thread 0x000001e23a86e110 Uncommon trap: trap_request=0xffffff45 fr.pc=0x000001e24707fc64 relative=0x0000000000000144
Event: 3.085 Thread 0x000001e23a86e110 Uncommon trap: reason=unstable_if action=reinterpret pc=0x000001e24707fc64 method=jdk.internal.util.ArraysSupport.mismatch([BI[BII)I @ 7 c2
Event: 3.085 Thread 0x000001e23a86e110 DEOPT PACKING pc=0x000001e24707fc64 sp=0x000000988b9fe5b0
Event: 3.085 Thread 0x000001e23a86e110 DEOPT UNPACKING pc=0x000001e246a969a3 sp=0x000000988b9fe430 mode 2
Event: 3.085 Thread 0x000001e23a86e110 Uncommon trap: trap_request=0xffffff45 fr.pc=0x000001e247080384 relative=0x0000000000000164
Event: 3.085 Thread 0x000001e23a86e110 Uncommon trap: reason=unstable_if action=reinterpret pc=0x000001e247080384 method=jdk.internal.util.ArraysSupport.mismatch([BI[BII)I @ 7 c2
Event: 3.085 Thread 0x000001e23a86e110 DEOPT PACKING pc=0x000001e247080384 sp=0x000000988b9fe4f0
Event: 3.086 Thread 0x000001e23a86e110 DEOPT UNPACKING pc=0x000001e246a969a3 sp=0x000000988b9fe420 mode 2
Event: 3.086 Thread 0x000001e23a86e110 Uncommon trap: trap_request=0xffffff45 fr.pc=0x000001e24707f6c4 relative=0x0000000000000124
Event: 3.086 Thread 0x000001e23a86e110 Uncommon trap: reason=unstable_if action=reinterpret pc=0x000001e24707f6c4 method=jdk.internal.util.ArraysSupport.mismatch([BI[BII)I @ 7 c2
Event: 3.086 Thread 0x000001e23a86e110 DEOPT PACKING pc=0x000001e24707f6c4 sp=0x000000988b9fe460
Event: 3.086 Thread 0x000001e23a86e110 DEOPT UNPACKING pc=0x000001e246a969a3 sp=0x000000988b9fe420 mode 2
Event: 3.663 Thread 0x000001e23a86e110 Uncommon trap: trap_request=0xffffff45 fr.pc=0x000001e24704d718 relative=0x00000000000001f8
Event: 3.663 Thread 0x000001e23a86e110 Uncommon trap: reason=unstable_if action=reinterpret pc=0x000001e24704d718 method=java.lang.String.startsWith(Ljava/lang/String;I)Z @ 1 c2
Event: 3.663 Thread 0x000001e23a86e110 DEOPT PACKING pc=0x000001e24704d718 sp=0x000000988b9fe020
Event: 3.663 Thread 0x000001e23a86e110 DEOPT UNPACKING pc=0x000001e246a969a3 sp=0x000000988b9fdfa0 mode 2

Classes unloaded (0 events):
No events

Classes redefined (0 events):
No events

Internal exceptions (20 events):
Event: 1.874 Thread 0x000001e23a86e110 Exception <a 'java/lang/NoSuchMethodError'{0x00000007111b0730}: 'int java.lang.invoke.DelegatingMethodHandle$Holder.reinvoke_L(java.lang.Object, java.lang.Object, java.lang.Object, long, java.lang.Object, java.lang.Object)'> (0x00000007111b0730) 
thrown [s\src\hotspot\share\interpreter\linkResolver.cpp, line 771]
Event: 1.879 Thread 0x000001e23a86e110 Exception <a 'java/lang/NoSuchMethodError'{0x00000007111bf2b0}: 'void java.lang.invoke.DelegatingMethodHandle$Holder.reinvoke_L(java.lang.Object, java.lang.Object, java.lang.Object, long, java.lang.Object)'> (0x00000007111bf2b0) 
thrown [s\src\hotspot\share\interpreter\linkResolver.cpp, line 771]
Event: 1.880 Thread 0x000001e23a86e110 Exception <a 'java/lang/NoSuchMethodError'{0x00000007111c6ee8}: 'java.lang.Object java.lang.invoke.DirectMethodHandle$Holder.invokeSpecial(java.lang.Object, java.lang.Object, java.lang.Object, java.lang.Object, long)'> (0x00000007111c6ee8) 
thrown [s\src\hotspot\share\interpreter\linkResolver.cpp, line 771]
Event: 1.884 Thread 0x000001e23a86e110 Exception <a 'java/lang/NoSuchMethodError'{0x00000007111df998}: 'long java.lang.invoke.Invokers$Holder.invoke_MT(java.lang.Object, java.lang.Object, java.lang.Object, java.lang.Object)'> (0x00000007111df998) 
thrown [s\src\hotspot\share\interpreter\linkResolver.cpp, line 771]
Event: 1.888 Thread 0x000001e23a86e110 Exception <a 'java/lang/NoSuchMethodError'{0x00000007111eb1b8}: 'int java.lang.invoke.DirectMethodHandle$Holder.invokeSpecial(java.lang.Object, java.lang.Object, java.lang.Object)'> (0x00000007111eb1b8) 
thrown [s\src\hotspot\share\interpreter\linkResolver.cpp, line 771]
Event: 1.889 Thread 0x000001e23a86e110 Exception <a 'java/lang/NoSuchMethodError'{0x00000007111ef1e8}: 'int java.lang.invoke.DirectMethodHandle$Holder.invokeSpecial(java.lang.Object, java.lang.Object, java.lang.Object, java.lang.Object)'> (0x00000007111ef1e8) 
thrown [s\src\hotspot\share\interpreter\linkResolver.cpp, line 771]
Event: 1.889 Thread 0x000001e23a86e110 Exception <a 'java/lang/NoSuchMethodError'{0x00000007111f2850}: 'int java.lang.invoke.Invokers$Holder.invoke_MT(java.lang.Object, java.lang.Object, java.lang.Object, java.lang.Object)'> (0x00000007111f2850) 
thrown [s\src\hotspot\share\interpreter\linkResolver.cpp, line 771]
Event: 1.893 Thread 0x000001e23a86e110 Exception <a 'java/lang/NoSuchMethodError'{0x0000000710e02948}: 'int java.lang.invoke.DelegatingMethodHandle$Holder.reinvoke_L(java.lang.Object, java.lang.Object, java.lang.Object, long, int)'> (0x0000000710e02948) 
thrown [s\src\hotspot\share\interpreter\linkResolver.cpp, line 771]
Event: 2.072 Thread 0x000001e23a86e110 Exception <a 'java/lang/NoSuchMethodError'{0x000000071096dc70}: 'java.lang.Object java.lang.invoke.DirectMethodHandle$Holder.invokeStaticInit(java.lang.Object)'> (0x000000071096dc70) 
thrown [s\src\hotspot\share\interpreter\linkResolver.cpp, line 771]
Event: 2.334 Thread 0x000001e23a86e110 Exception <a 'java/lang/NoSuchMethodError'{0x0000000712241200}: 'java.lang.Object java.lang.invoke.DirectMethodHandle$Holder.invokeStaticInit(java.lang.Object, int)'> (0x0000000712241200) 
thrown [s\src\hotspot\share\interpreter\linkResolver.cpp, line 771]
Event: 2.349 Thread 0x000001e23a86e110 Exception <a 'java/lang/NoSuchMethodError'{0x00000007122ca340}: 'void java.lang.invoke.DirectMethodHandle$Holder.invokeStatic(java.lang.Object, java.lang.Object)'> (0x00000007122ca340) 
thrown [s\src\hotspot\share\interpreter\linkResolver.cpp, line 771]
Event: 2.381 Thread 0x000001e23a86e110 Exception <a 'java/lang/NoSuchMethodError'{0x00000007120043a0}: 'long java.lang.invoke.DirectMethodHandle$Holder.invokeStatic(java.lang.Object)'> (0x00000007120043a0) 
thrown [s\src\hotspot\share\interpreter\linkResolver.cpp, line 771]
Event: 2.382 Thread 0x000001e23a86e110 Exception <a 'java/lang/NoSuchMethodError'{0x0000000712007af8}: 'long java.lang.invoke.DirectMethodHandle$Holder.invokeStaticInit(java.lang.Object)'> (0x0000000712007af8) 
thrown [s\src\hotspot\share\interpreter\linkResolver.cpp, line 771]
Event: 2.503 Thread 0x000001e23a86e110 Exception <a 'java/lang/NoSuchMethodError'{0x0000000704b99fa8}: 'int java.lang.invoke.DirectMethodHandle$Holder.invokeStaticInit(java.lang.Object, java.lang.Object, java.lang.Object)'> (0x0000000704b99fa8) 
thrown [s\src\hotspot\share\interpreter\linkResolver.cpp, line 771]
Event: 2.509 Thread 0x000001e23a86e110 Exception <a 'java/lang/NoSuchMethodError'{0x0000000704bc2670}: 'int java.lang.invoke.DirectMethodHandle$Holder.invokeStaticInit(java.lang.Object, java.lang.Object)'> (0x0000000704bc2670) 
thrown [s\src\hotspot\share\interpreter\linkResolver.cpp, line 771]
Event: 2.537 Thread 0x000001e23a86e110 Exception <a 'java/lang/NoSuchMethodError'{0x00000007048a10a0}: 'void java.lang.invoke.DirectMethodHandle$Holder.invokeSpecial(java.lang.Object, java.lang.Object, java.lang.Object)'> (0x00000007048a10a0) 
thrown [s\src\hotspot\share\interpreter\linkResolver.cpp, line 771]
Event: 3.366 Thread 0x000001e23a86e110 Exception <a 'java/lang/NoSuchMethodError'{0x0000000703c51930}: 'void java.lang.invoke.DirectMethodHandle$Holder.invokeStatic(java.lang.Object, java.lang.Object, java.lang.Object, java.lang.Object)'> (0x0000000703c51930) 
thrown [s\src\hotspot\share\interpreter\linkResolver.cpp, line 771]
Event: 3.597 Thread 0x000001e23a86e110 Exception <a 'java/lang/NoSuchMethodError'{0x0000000703bf7458}: 'void java.lang.invoke.DirectMethodHandle$Holder.invokeStaticInit(java.lang.Object, java.lang.Object)'> (0x0000000703bf7458) 
thrown [s\src\hotspot\share\interpreter\linkResolver.cpp, line 771]
Event: 3.853 Thread 0x000001e23a86e110 Exception <a 'java/lang/NoSuchMethodError'{0x0000000711e1e810}: 'void java.lang.invoke.DirectMethodHandle$Holder.invokeVirtual(java.lang.Object, java.lang.Object)'> (0x0000000711e1e810) 
thrown [s\src\hotspot\share\interpreter\linkResolver.cpp, line 771]
Event: 3.874 Thread 0x000001e23a86e110 Exception <a 'java/lang/NoSuchMethodError'{0x0000000711ec6060}: 'int java.lang.invoke.DirectMethodHandle$Holder.invokeVirtual(java.lang.Object, java.lang.Object)'> (0x0000000711ec6060) 
thrown [s\src\hotspot\share\interpreter\linkResolver.cpp, line 771]

VM Operations (20 events):
Event: 2.811 Executing VM operation: HandshakeAllThreads
Event: 2.812 Executing VM operation: HandshakeAllThreads done
Event: 2.824 Executing VM operation: HandshakeAllThreads
Event: 2.824 Executing VM operation: HandshakeAllThreads done
Event: 2.831 Executing VM operation: HandshakeAllThreads
Event: 2.831 Executing VM operation: HandshakeAllThreads done
Event: 2.831 Executing VM operation: HandshakeAllThreads
Event: 2.831 Executing VM operation: HandshakeAllThreads done
Event: 2.846 Executing VM operation: HandshakeAllThreads
Event: 2.846 Executing VM operation: HandshakeAllThreads done
Event: 2.846 Executing VM operation: HandshakeAllThreads
Event: 2.846 Executing VM operation: HandshakeAllThreads done
Event: 2.847 Executing VM operation: HandshakeAllThreads
Event: 2.847 Executing VM operation: HandshakeAllThreads done
Event: 3.516 Executing VM operation: HandshakeAllThreads
Event: 3.516 Executing VM operation: HandshakeAllThreads done
Event: 3.516 Executing VM operation: Cleanup
Event: 3.516 Executing VM operation: Cleanup done
Event: 3.742 Executing VM operation: G1CollectForAllocation
Event: 3.760 Executing VM operation: G1CollectForAllocation done

Events (20 events):
Event: 3.470 loading class java/util/concurrent/atomic/AtomicReferenceArray
Event: 3.471 loading class java/util/concurrent/atomic/AtomicReferenceArray done
Event: 3.471 loading class java/lang/invoke/VarHandleReferences$Array
Event: 3.471 loading class java/lang/invoke/VarHandleReferences$Array done
Event: 3.792 loading class java/io/FileFilter
Event: 3.792 loading class java/io/FileFilter done
Event: 3.795 loading class java/util/Random
Event: 3.795 loading class java/util/random/RandomGenerator
Event: 3.795 loading class java/util/random/RandomGenerator done
Event: 3.795 loading class java/util/Random done
Event: 3.796 loading class jdk/internal/reflect/UnsafeStaticIntegerFieldAccessorImpl
Event: 3.796 loading class jdk/internal/reflect/UnsafeStaticIntegerFieldAccessorImpl done
Event: 3.843 loading class javax/swing/Icon
Event: 3.843 loading class javax/swing/Icon done
Event: 3.846 loading class sun/invoke/util/VerifyAccess$1
Event: 3.846 loading class sun/invoke/util/VerifyAccess$1 done
Event: 3.864 loading class java/util/AbstractList$Itr
Event: 3.864 loading class java/util/AbstractList$Itr done
Event: 3.893 loading class java/util/function/UnaryOperator
Event: 3.893 loading class java/util/function/UnaryOperator done


Dynamic libraries:
0x00007ff6feb00000 - 0x00007ff6feb0a000 	D:\Jetbrains\apps\AndroidStudio\ch-0\222.4459.24.2221.9971841\jbr\bin\java.exe
0x00007ffe191b0000 - 0x00007ffe193c4000 	C:\Windows\SYSTEM32\ntdll.dll
0x00007ffe18610000 - 0x00007ffe186d2000 	C:\Windows\System32\KERNEL32.DLL
0x00007ffe16b80000 - 0x00007ffe16f23000 	C:\Windows\System32\KERNELBASE.dll
0x00007ffe165d0000 - 0x00007ffe166e1000 	C:\Windows\System32\ucrtbase.dll
0x00007ffde8240000 - 0x00007ffde8257000 	D:\Jetbrains\apps\AndroidStudio\ch-0\222.4459.24.2221.9971841\jbr\bin\jli.dll
0x00007ffde7840000 - 0x00007ffde785b000 	D:\Jetbrains\apps\AndroidStudio\ch-0\222.4459.24.2221.9971841\jbr\bin\VCRUNTIME140.dll
0x00007ffe17610000 - 0x00007ffe177bb000 	C:\Windows\System32\USER32.dll
0x00007ffe168d0000 - 0x00007ffe168f6000 	C:\Windows\System32\win32u.dll
0x00007ffe17880000 - 0x00007ffe178a9000 	C:\Windows\System32\GDI32.dll
0x00007ffe167b0000 - 0x00007ffe168c8000 	C:\Windows\System32\gdi32full.dll
0x00007ffe16970000 - 0x00007ffe16a0a000 	C:\Windows\System32\msvcp_win.dll
0x00007ffdf8d00000 - 0x00007ffdf8f8e000 	C:\Windows\WinSxS\amd64_microsoft.windows.common-controls_6595b64144ccf1df_6.0.22621.1635_none_270f70857386168e\COMCTL32.dll
0x00007ffe18fe0000 - 0x00007ffe19087000 	C:\Windows\System32\msvcrt.dll
0x00007ffe170d0000 - 0x00007ffe17101000 	C:\Windows\System32\IMM32.DLL
0x00007ffe04cb0000 - 0x00007ffe04cbc000 	D:\Jetbrains\apps\AndroidStudio\ch-0\222.4459.24.2221.9971841\jbr\bin\vcruntime140_1.dll
0x00007ffddb930000 - 0x00007ffddb9bd000 	D:\Jetbrains\apps\AndroidStudio\ch-0\222.4459.24.2221.9971841\jbr\bin\msvcp140.dll
0x00007ffd84220000 - 0x00007ffd84e8d000 	D:\Jetbrains\apps\AndroidStudio\ch-0\222.4459.24.2221.9971841\jbr\bin\server\jvm.dll
0x00007ffe17d60000 - 0x00007ffe17e0e000 	C:\Windows\System32\ADVAPI32.dll
0x00007ffe17c50000 - 0x00007ffe17cf4000 	C:\Windows\System32\sechost.dll
0x00007ffe174f0000 - 0x00007ffe17607000 	C:\Windows\System32\RPCRT4.dll
0x00007ffde5d60000 - 0x00007ffde5d69000 	C:\Windows\SYSTEM32\WSOCK32.dll
0x00007ffe0f2f0000 - 0x00007ffe0f324000 	C:\Windows\SYSTEM32\WINMM.dll
0x00007ffe172b0000 - 0x00007ffe17321000 	C:\Windows\System32\WS2_32.dll
0x00007ffe0f2c0000 - 0x00007ffe0f2ca000 	C:\Windows\SYSTEM32\VERSION.dll
0x00007ffe156d0000 - 0x00007ffe156e8000 	C:\Windows\SYSTEM32\kernel.appcore.dll
0x00007ffe0ef80000 - 0x00007ffe0ef8a000 	D:\Jetbrains\apps\AndroidStudio\ch-0\222.4459.24.2221.9971841\jbr\bin\jimage.dll
0x00007ffe13f60000 - 0x00007ffe1418e000 	C:\Windows\SYSTEM32\DBGHELP.DLL
0x00007ffe178c0000 - 0x00007ffe17c49000 	C:\Windows\System32\combase.dll
0x00007ffe19090000 - 0x00007ffe19167000 	C:\Windows\System32\OLEAUT32.dll
0x00007ffdbeb00000 - 0x00007ffdbeb32000 	C:\Windows\SYSTEM32\dbgcore.DLL
0x00007ffe16f30000 - 0x00007ffe16fab000 	C:\Windows\System32\bcryptPrimitives.dll
0x00007ffe04d30000 - 0x00007ffe04d55000 	D:\Jetbrains\apps\AndroidStudio\ch-0\222.4459.24.2221.9971841\jbr\bin\java.dll
0x00007ffe053b0000 - 0x00007ffe053c8000 	D:\Jetbrains\apps\AndroidStudio\ch-0\222.4459.24.2221.9971841\jbr\bin\zip.dll
0x00007ffe17e10000 - 0x00007ffe1860a000 	C:\Windows\System32\SHELL32.dll
0x00007ffe14590000 - 0x00007ffe14e5e000 	C:\Windows\SYSTEM32\windows.storage.dll
0x00007ffe14450000 - 0x00007ffe1458e000 	C:\Windows\SYSTEM32\wintypes.dll
0x00007ffe16fb0000 - 0x00007ffe170a1000 	C:\Windows\System32\SHCORE.dll
0x00007ffe17d00000 - 0x00007ffe17d5e000 	C:\Windows\System32\shlwapi.dll
0x00007ffe16500000 - 0x00007ffe16521000 	C:\Windows\SYSTEM32\profapi.dll
0x00007ffe05010000 - 0x00007ffe05029000 	D:\Jetbrains\apps\AndroidStudio\ch-0\222.4459.24.2221.9971841\jbr\bin\net.dll
0x00007ffe0d750000 - 0x00007ffe0d887000 	C:\Windows\SYSTEM32\WINHTTP.dll
0x00007ffe15b60000 - 0x00007ffe15bc9000 	C:\Windows\system32\mswsock.dll
0x00007ffe04c90000 - 0x00007ffe04ca6000 	D:\Jetbrains\apps\AndroidStudio\ch-0\222.4459.24.2221.9971841\jbr\bin\nio.dll
0x00007ffe04d20000 - 0x00007ffe04d30000 	D:\Jetbrains\apps\AndroidStudio\ch-0\222.4459.24.2221.9971841\jbr\bin\verify.dll

dbghelp: loaded successfully - version: 4.0.5 - missing functions: none
symbol engine: initialized successfully - sym options: 0x614 - pdb path: .;D:\Jetbrains\apps\AndroidStudio\ch-0\222.4459.24.2221.9971841\jbr\bin;C:\Windows\SYSTEM32;C:\Windows\WinSxS\amd64_microsoft.windows.common-controls_6595b64144ccf1df_6.0.22621.1635_none_270f70857386168e;D:\Jetbrains\apps\AndroidStudio\ch-0\222.4459.24.2221.9971841\jbr\bin\server

VM Arguments:
java_command: org.jetbrains.kotlin.cli.jvm.K2JVMCompiler @D:\Projects\PoseDetectionKt\app\build\20230507_12708617300062279396.compiler.options
java_class_path (initial): C:\Users\haris\.gradle\caches\modules-2\files-2.1\org.jetbrains.kotlin\kotlin-compiler-embeddable\1.8.0\eb9118d4bcceaa2a94b2ae2a33a4ddba7c9a947f\kotlin-compiler-embeddable-1.8.0.jar;C:\Users\haris\.gradle\caches\modules-2\files-2.1\org.jetbrains.kotlin\kotlin-stdlib\1.8.0\1796921c7a3e2e2665a83e6c8d33399336cd39bc\kotlin-stdlib-1.8.0.jar;C:\Users\haris\.gradle\caches\modules-2\files-2.1\org.jetbrains.kotlin\kotlin-script-runtime\1.8.0\b2f7e760d283cb339974851c222a4c1d48f2d3d\kotlin-script-runtime-1.8.0.jar;C:\Users\haris\.gradle\caches\modules-2\files-2.1\org.jetbrains.kotlin\kotlin-reflect\1.6.10\1cbe9c92c12a94eea200d23c2bbaedaf3daf5132\kotlin-reflect-1.6.10.jar;C:\Users\haris\.gradle\caches\modules-2\files-2.1\org.jetbrains.kotlin\kotlin-daemon-embeddable\1.8.0\d255216c551685dc3a7e852b53617f5f01aaaa5c\kotlin-daemon-embeddable-1.8.0.jar;C:\Users\haris\.gradle\caches\modules-2\files-2.1\org.jetbrains.intellij.deps\trove4j\1.0.20200330\3afb14d5f9ceb459d724e907a21145e8ff394f02\trove4j-1.0.20200330.jar;C:\Users\haris\.gradle\caches\modules-2\files-2.1\net.java.dev.jna\jna\5.6.0\330f2244e9030119ab3030fc3fededc86713d9cc\jna-5.6.0.jar;C:\Users\haris\.gradle\caches\modules-2\files-2.1\org.jetbrains.kotlin\kotlin-stdlib-common\1.8.0\f7197e7cc76453ac59f8b0f8d5137cc600becd36\kotlin-stdlib-common-1.8.0.jar;C:\Users\haris\.gradle\caches\modules-2\files-2.1\org.jetbrains\annotations\13.0\919f0dfe192fb4e063e7dacadee7f8bb9a2672a9\annotations-13.0.jar
Launcher Type: SUN_STANDARD

[Global flags]
     intx CICompilerCount                          = 4                                         {product} {ergonomic}
     uint ConcGCThreads                            = 2                                         {product} {ergonomic}
     uint G1ConcRefinementThreads                  = 8                                         {product} {ergonomic}
   size_t G1HeapRegionSize                         = 2097152                                   {product} {ergonomic}
    uintx GCDrainStackTargetSize                   = 64                                        {product} {ergonomic}
   size_t InitialHeapSize                          = 266338304                                 {product} {ergonomic}
   size_t MarkStackSize                            = 4194304                                   {product} {ergonomic}
   size_t MaxHeapSize                              = 4255121408                                {product} {ergonomic}
   size_t MaxNewSize                               = 2552233984                                {product} {ergonomic}
   size_t MinHeapDeltaBytes                        = 2097152                                   {product} {ergonomic}
   size_t MinHeapSize                              = 8388608                                   {product} {ergonomic}
    uintx NonNMethodCodeHeapSize                   = 5839372                                {pd product} {ergonomic}
    uintx NonProfiledCodeHeapSize                  = 122909434                              {pd product} {ergonomic}
    uintx ProfiledCodeHeapSize                     = 122909434                              {pd product} {ergonomic}
    uintx ReservedCodeCacheSize                    = 251658240                              {pd product} {ergonomic}
     bool SegmentedCodeCache                       = true                                      {product} {ergonomic}
   size_t SoftMaxHeapSize                          = 4255121408                             {manageable} {ergonomic}
     bool UseCompressedClassPointers               = true                           {product lp64_product} {ergonomic}
     bool UseCompressedOops                        = true                           {product lp64_product} {ergonomic}
     bool UseG1GC                                  = true                                      {product} {ergonomic}
     bool UseLargePagesIndividualAllocation        = false                                  {pd product} {ergonomic}

Logging:
Log output configuration:
 #0: stdout all=warning uptime,level,tags
 #1: stderr all=off uptime,level,tags

Environment Variables:
JAVA_HOME=C:\Program Files\Java\jdk-18.0.1.1
PATH=C:\Program Files\Common Files\Oracle\Java\javapath;C:\Windows\system32;C:\Windows;C:\Windows\System32\Wbem;C:\Windows\System32\WindowsPowerShell\v1.0\;C:\Windows\System32\OpenSSH\;C:\Program Files (x86)\NVIDIA Corporation\PhysX\Common;C:\Program Files\NVIDIA Corporation\NVIDIA NvDLISR;C:\Program Files\nodejs\;C:\Program Files\dotnet\;C:\xampp\php;C:\ProgramData\ComposerSetup\bin;C:\Program Files\Git\cmd;C:\Users\haris\AppData\Local\Microsoft\WindowsApps;C:\Users\haris\AppData\Roaming\npm;C:\Users\haris\AppData\Local\GitHubDesktop\bin;C:\Users\haris\AppData\Local\JetBrains\Toolbox\scripts;C:\Users\haris\AppData\Roaming\Composer\vendor\bin;C:\flutter\bin;D:\anaconda3\condabin;D:\Microsoft VS Code\bin;C:\Users\haris\AppData\Local\Microsoft\WindowsApps\python.exe;C:\FFMpeg\bin;C:\xampp\mysql\bin
USERNAME=haris
OS=Windows_NT
PROCESSOR_IDENTIFIER=Intel64 Family 6 Model 142 Stepping 12, GenuineIntel
TMP=C:\Users\haris\AppData\Local\Temp
TEMP=C:\Users\haris\AppData\Local\Temp



---------------  S Y S T E M  ---------------

OS:
 Windows 11 , 64 bit Build 22621 (10.0.22621.1635)
OS uptime: 0 days 12:16 hours
Hyper-V role detected

CPU: total 8 (initial active 8) (4 cores per cpu, 2 threads per core) family 6 model 142 stepping 12 microcode 0xde, cx8, cmov, fxsr, ht, mmx, 3dnowpref, sse, sse2, sse3, ssse3, sse4.1, sse4.2, popcnt, lzcnt, tsc, tscinvbit, avx, avx2, aes, erms, clmul, bmi1, bmi2, adx, fma, vzeroupper, clflush, clflushopt, hv

Memory: 4k page, system-wide physical 16224M (2673M free)
TotalPageFile size 19148M (AvailPageFile size 5M)
current process WorkingSet (physical memory assigned to process): 140M, peak: 140M
current process commit charge ("private bytes"): 182M, peak: 364M

vm_info: OpenJDK 64-Bit Server VM (17.0.6+0-b2043.56-9586694) for windows-amd64 JRE (17.0.6+0-b2043.56-9586694), built on Feb  9 2023 20:06:20 by "androidbuild" with MS VC++ 16.10 / 16.11 (VS2019)

END.
