#
# There is insufficient memory for the Java Runtime Environment to continue.
# Native memory allocation (malloc) failed to allocate 1159376 bytes for Chunk::new
# Possible reasons:
#   The system is out of physical RAM or swap space
#   The process is running with CompressedOops enabled, and the Java Heap may be blocking the growth of the native heap
# Possible solutions:
#   Reduce memory load on the system
#   Increase physical memory or swap space
#   Check if swap backing store is full
#   Decrease Java heap size (-Xmx/-Xms)
#   Decrease number of Java threads
#   Decrease Java thread stack sizes (-Xss)
#   Set larger code cache with -XX:ReservedCodeCacheSize=
#   JVM is running with Unscaled Compressed Oops mode in which the Java heap is
#     placed in the first 4GB address space. The Java Heap base address is the
#     maximum limit for the native heap growth. Please use -XX:HeapBaseMinAddress
#     to set the Java Heap base and to place the Java Heap above 4GB virtual address.
# This output file may be truncated or incomplete.
#
#  Out of Memory Error (arena.cpp:189), pid=16560, tid=10060
#
# JRE version: OpenJDK Runtime Environment (17.0.6) (build 17.0.6+0-b2043.56-9586694)
# Java VM: OpenJDK 64-Bit Server VM (17.0.6+0-b2043.56-9586694, mixed mode, tiered, compressed oops, compressed class ptrs, g1 gc, windows-amd64)
# No core dump will be written. Minidumps are not enabled by default on client versions of Windows
#

---------------  S U M M A R Y ------------

Command Line: --add-opens=java.base/java.util=ALL-UNNAMED --add-opens=java.base/java.lang=ALL-UNNAMED --add-opens=java.base/java.lang.invoke=ALL-UNNAMED --add-opens=java.prefs/java.util.prefs=ALL-UNNAMED --add-opens=java.base/java.nio.charset=ALL-UNNAMED --add-opens=java.base/java.net=ALL-UNNAMED --add-opens=java.base/java.util.concurrent.atomic=ALL-UNNAMED -Xmx2048m -Dfile.encoding=UTF-8 -Duser.country=US -Duser.language=en -Duser.variant org.gradle.launcher.daemon.bootstrap.GradleDaemon 8.0

Host: Intel(R) Core(TM) i5-10210U CPU @ 1.60GHz, 8 cores, 15G,  Windows 11 , 64 bit Build 22621 (10.0.22621.1635)
Time: Tue May  9 14:20:20 2023 Pakistan Standard Time elapsed time: 24.830776 seconds (0d 0h 0m 24s)

---------------  T H R E A D  ---------------

Current thread (0x00000216758e7740):  JavaThread "C2 CompilerThread1" daemon [_thread_in_native, id=10060, stack(0x0000003231100000,0x0000003231200000)]


Current CompileTask:
C2:  24830 7521   !   4       com.sun.beans.TypeResolver::resolve (261 bytes)

Stack: [0x0000003231100000,0x0000003231200000]
Native frames: (J=compiled Java code, j=interpreted, Vv=VM code, C=native code)
V  [jvm.dll+0x683b4a]
V  [jvm.dll+0x842654]
V  [jvm.dll+0x843dfe]
V  [jvm.dll+0x844463]
V  [jvm.dll+0x249b75]
V  [jvm.dll+0xabcac]
V  [jvm.dll+0xac27c]
V  [jvm.dll+0x2b0eef]
V  [jvm.dll+0x58a207]
V  [jvm.dll+0x2243b2]
V  [jvm.dll+0x22478f]
V  [jvm.dll+0x21e055]
V  [jvm.dll+0x21b51b]
V  [jvm.dll+0x1a4fdd]
V  [jvm.dll+0x22b098]
V  [jvm.dll+0x229159]
V  [jvm.dll+0x7f809c]
V  [jvm.dll+0x7f25fa]
V  [jvm.dll+0x682985]
C  [ucrtbase.dll+0x29363]
C  [KERNEL32.DLL+0x126ad]
C  [ntdll.dll+0x5a9f8]


---------------  P R O C E S S  ---------------

Threads class SMR info:
_java_thread_list=0x00000216708241c0, length=127, elements={
0x0000021652e0cfc0, 0x000002166f870660, 0x000002166f873c40, 0x000002166f8973c0,
0x000002166f899e90, 0x000002166f8adcd0, 0x000002166f8b05a0, 0x000002166f8b1190,
0x000002166f8b5080, 0x000002166f8bda80, 0x000002166fa61010, 0x000002166fa63900,
0x0000021671d0fbf0, 0x0000021670fa9fc0, 0x0000021670b380d0, 0x0000021671ed3030,
0x000002167053e040, 0x0000021672218ed0, 0x000002167053e920, 0x0000021652df6410,
0x0000021652df5f40, 0x0000021652df68e0, 0x0000021652df6db0, 0x0000021652df8f60,
0x0000021652df85c0, 0x0000021652df8a90, 0x0000021652df7750, 0x0000021652df9430,
0x0000021652df7c20, 0x0000021652df5a70, 0x0000021672ecccb0, 0x0000021672ecd180,
0x0000021672ed01a0, 0x0000021672ecfcd0, 0x0000021672ecdb20, 0x0000021672ecc7e0,
0x0000021672ed19b0, 0x0000021672ecbe40, 0x0000021672ece990, 0x0000021672ecafd0,
0x0000021672ecee60, 0x0000021672ecf330, 0x0000021672ecf800, 0x0000021672ed0670,
0x0000021672ecb970, 0x0000021672ed0b40, 0x0000021672ed1010, 0x0000021672ed14e0,
0x0000021672eca160, 0x00000216720f7ea0, 0x00000216720faec0, 0x00000216720f9b80,
0x00000216720fa050, 0x00000216720f7500, 0x00000216720fa520, 0x00000216720fd540,
0x00000216720f79d0, 0x00000216720fcba0, 0x00000216720fe880, 0x00000216720f91e0,
0x00000216720f96b0, 0x00000216720f8840, 0x00000216720f8d10, 0x00000216720f8370,
0x00000216720f7030, 0x00000216720fa9f0, 0x00000216720fb390, 0x00000216720fb860,
0x00000216720fc200, 0x00000216720fbd30, 0x00000216720fc6d0, 0x00000216720fd070,
0x00000216720fda10, 0x00000216720fdee0, 0x00000216720fe3b0, 0x0000021675912080,
0x000002167590c9e0, 0x000002167590e1f0, 0x000002167590e6c0, 0x00000216759133c0,
0x0000021675910d40, 0x0000021675912a20, 0x000002167590eb90, 0x0000021675912ef0,
0x0000021675913890, 0x000002167590fed0, 0x00000216759103a0, 0x000002167590d850,
0x0000021675911210, 0x000002167590ceb0, 0x0000021675913d60, 0x000002167590fa00,
0x00000216759116e0, 0x000002167590c510, 0x000002167590d380, 0x000002167590dd20,
0x000002167590f060, 0x0000021675910870, 0x000002167590f530, 0x0000021675911bb0,
0x0000021675912550, 0x00000216700fecb0, 0x00000216700fc630, 0x00000216700fae20,
0x00000216700f9610, 0x00000216700fb2f0, 0x00000216700f9fb0, 0x00000216700fe310,
0x00000216700f8c70, 0x00000216700fde40, 0x00000216700fcb00, 0x00000216700f82d0,
0x00000216700fbc90, 0x00000216700fd970, 0x00000216700fc160, 0x00000216700f87a0,
0x00000216700fa480, 0x00000216700fb7c0, 0x00000216700f7e00, 0x00000216700fcfd0,
0x00000216700fd4a0, 0x00000216700fe7e0, 0x00000216700f7460, 0x00000216700fa950,
0x00000216700f9140, 0x00000216758e7740, 0x00000216758e44a0
}

Java Threads: ( => current thread )
  0x0000021652e0cfc0 JavaThread "main" [_thread_blocked, id=5928, stack(0x0000003228900000,0x0000003228a00000)]
  0x000002166f870660 JavaThread "Reference Handler" daemon [_thread_blocked, id=11476, stack(0x0000003229000000,0x0000003229100000)]
  0x000002166f873c40 JavaThread "Finalizer" daemon [_thread_blocked, id=5084, stack(0x0000003229100000,0x0000003229200000)]
  0x000002166f8973c0 JavaThread "Signal Dispatcher" daemon [_thread_blocked, id=7060, stack(0x0000003229200000,0x0000003229300000)]
  0x000002166f899e90 JavaThread "Attach Listener" daemon [_thread_blocked, id=1564, stack(0x0000003229300000,0x0000003229400000)]
  0x000002166f8adcd0 JavaThread "Service Thread" daemon [_thread_blocked, id=13896, stack(0x0000003229400000,0x0000003229500000)]
  0x000002166f8b05a0 JavaThread "Monitor Deflation Thread" daemon [_thread_blocked, id=7964, stack(0x0000003229500000,0x0000003229600000)]
  0x000002166f8b1190 JavaThread "C2 CompilerThread0" daemon [_thread_in_native, id=15932, stack(0x0000003229600000,0x0000003229700000)]
  0x000002166f8b5080 JavaThread "C1 CompilerThread0" daemon [_thread_blocked, id=18040, stack(0x0000003229700000,0x0000003229800000)]
  0x000002166f8bda80 JavaThread "Sweeper thread" daemon [_thread_blocked, id=9476, stack(0x0000003229800000,0x0000003229900000)]
  0x000002166fa61010 JavaThread "Common-Cleaner" daemon [_thread_blocked, id=15864, stack(0x0000003229900000,0x0000003229a00000)]
  0x000002166fa63900 JavaThread "Notification Thread" daemon [_thread_blocked, id=4676, stack(0x0000003229a00000,0x0000003229b00000)]
  0x0000021671d0fbf0 JavaThread "Daemon health stats" [_thread_blocked, id=6396, stack(0x000000322a300000,0x000000322a400000)]
  0x0000021670fa9fc0 JavaThread "Incoming local TCP Connector on port 63892" [_thread_in_native, id=12080, stack(0x000000322a400000,0x000000322a500000)]
  0x0000021670b380d0 JavaThread "Daemon periodic checks" [_thread_blocked, id=16284, stack(0x000000322a500000,0x000000322a600000)]
  0x0000021671ed3030 JavaThread "Daemon" [_thread_blocked, id=17784, stack(0x000000322a600000,0x000000322a700000)]
  0x000002167053e040 JavaThread "Handler for socket connection from /127.0.0.1:63892 to /127.0.0.1:63893" [_thread_in_native, id=10332, stack(0x000000322a700000,0x000000322a800000)]
  0x0000021672218ed0 JavaThread "Cancel handler" [_thread_blocked, id=18268, stack(0x000000322a800000,0x000000322a900000)]
  0x000002167053e920 JavaThread "Daemon worker" [_thread_in_vm, id=14048, stack(0x000000322a900000,0x000000322aa00000)]
  0x0000021652df6410 JavaThread "Asynchronous log dispatcher for DefaultDaemonConnection: socket connection from /127.0.0.1:63892 to /127.0.0.1:63893" [_thread_blocked, id=16252, stack(0x000000322a200000,0x000000322a300000)]
  0x0000021652df5f40 JavaThread "Stdin handler" [_thread_blocked, id=13268, stack(0x000000322aa00000,0x000000322ab00000)]
  0x0000021652df68e0 JavaThread "Daemon client event forwarder" [_thread_blocked, id=6952, stack(0x000000322ab00000,0x000000322ac00000)]
  0x0000021652df6db0 JavaThread "Cache worker for journal cache (C:\Users\haris\.gradle\caches\journal-1)" [_thread_blocked, id=6220, stack(0x000000322ae00000,0x000000322af00000)]
  0x0000021652df8f60 JavaThread "File lock request listener" [_thread_in_native, id=10780, stack(0x000000322af00000,0x000000322b000000)]
  0x0000021652df85c0 JavaThread "Cache worker for file hash cache (C:\Users\haris\.gradle\caches\8.0\fileHashes)" [_thread_blocked, id=11624, stack(0x000000322b000000,0x000000322b100000)]
  0x0000021652df8a90 JavaThread "File watcher server" daemon [_thread_in_native, id=15768, stack(0x000000322b200000,0x000000322b300000)]
  0x0000021652df7750 JavaThread "File watcher consumer" daemon [_thread_blocked, id=14944, stack(0x000000322b300000,0x000000322b400000)]
  0x0000021652df9430 JavaThread "Cache worker for checksums cache (D:\Projects\PoseDetectionKt\.gradle\8.0\checksums)" [_thread_blocked, id=7340, stack(0x000000322b400000,0x000000322b500000)]
  0x0000021652df7c20 JavaThread "Cache worker for cache directory md-rule (C:\Users\haris\.gradle\caches\8.0\md-rule)" [_thread_blocked, id=18068, stack(0x000000322b500000,0x000000322b600000)]
  0x0000021652df5a70 JavaThread "Cache worker for file content cache (C:\Users\haris\.gradle\caches\8.0\fileContent)" [_thread_blocked, id=14764, stack(0x000000322b600000,0x000000322b700000)]
  0x0000021672ecccb0 JavaThread "Cache worker for file hash cache (D:\Projects\PoseDetectionKt\.gradle\8.0\fileHashes)" [_thread_blocked, id=7300, stack(0x000000322b700000,0x000000322b800000)]
  0x0000021672ecd180 JavaThread "Cache worker for cache directory md-supplier (C:\Users\haris\.gradle\caches\8.0\md-supplier)" [_thread_blocked, id=10460, stack(0x000000322b800000,0x000000322b900000)]
  0x0000021672ed01a0 JavaThread "Cache worker for execution history cache (C:\Users\haris\.gradle\caches\8.0\executionHistory)" [_thread_blocked, id=17812, stack(0x000000322b900000,0x000000322ba00000)]
  0x0000021672ecfcd0 JavaThread "jar transforms" [_thread_blocked, id=15188, stack(0x000000322b100000,0x000000322b200000)]
  0x0000021672ecdb20 JavaThread "jar transforms Thread 2" [_thread_blocked, id=14140, stack(0x000000322bb00000,0x000000322bc00000)]
  0x0000021672ecc7e0 JavaThread "jar transforms Thread 3" [_thread_blocked, id=16280, stack(0x000000322be00000,0x000000322bf00000)]
  0x0000021672ed19b0 JavaThread "jar transforms Thread 4" [_thread_blocked, id=8176, stack(0x000000322bf00000,0x000000322c000000)]
  0x0000021672ecbe40 JavaThread "Cache worker for dependencies-accessors (D:\Projects\PoseDetectionKt\.gradle\8.0\dependencies-accessors)" [_thread_blocked, id=6212, stack(0x000000322c000000,0x000000322c100000)]
  0x0000021672ece990 JavaThread "jar transforms Thread 5" [_thread_blocked, id=16120, stack(0x000000322c100000,0x000000322c200000)]
  0x0000021672ecafd0 JavaThread "Cache worker for Build Output Cleanup Cache (D:\Projects\PoseDetectionKt\.gradle\buildOutputCleanup)" [_thread_blocked, id=18112, stack(0x000000322ba00000,0x000000322bb00000)]
  0x0000021672ecee60 JavaThread "Unconstrained build operations" [_thread_blocked, id=5292, stack(0x000000322bc00000,0x000000322bd00000)]
  0x0000021672ecf330 JavaThread "Unconstrained build operations Thread 2" [_thread_blocked, id=15272, stack(0x000000322c200000,0x000000322c300000)]
  0x0000021672ecf800 JavaThread "Unconstrained build operations Thread 3" [_thread_blocked, id=17028, stack(0x000000322c300000,0x000000322c400000)]
  0x0000021672ed0670 JavaThread "Unconstrained build operations Thread 4" [_thread_blocked, id=1556, stack(0x000000322c400000,0x000000322c500000)]
  0x0000021672ecb970 JavaThread "Unconstrained build operations Thread 5" [_thread_blocked, id=9876, stack(0x000000322c500000,0x000000322c600000)]
  0x0000021672ed0b40 JavaThread "Unconstrained build operations Thread 6" [_thread_blocked, id=14520, stack(0x000000322c600000,0x000000322c700000)]
  0x0000021672ed1010 JavaThread "Unconstrained build operations Thread 7" [_thread_blocked, id=4584, stack(0x000000322c700000,0x000000322c800000)]
  0x0000021672ed14e0 JavaThread "Unconstrained build operations Thread 8" [_thread_blocked, id=6252, stack(0x000000322c800000,0x000000322c900000)]
  0x0000021672eca160 JavaThread "Unconstrained build operations Thread 9" [_thread_blocked, id=11568, stack(0x000000322c900000,0x000000322ca00000)]
  0x00000216720f7ea0 JavaThread "Unconstrained build operations Thread 10" [_thread_blocked, id=16240, stack(0x000000322ca00000,0x000000322cb00000)]
  0x00000216720faec0 JavaThread "Unconstrained build operations Thread 11" [_thread_blocked, id=15408, stack(0x000000322cb00000,0x000000322cc00000)]
  0x00000216720f9b80 JavaThread "Unconstrained build operations Thread 12" [_thread_blocked, id=17996, stack(0x000000322cc00000,0x000000322cd00000)]
  0x00000216720fa050 JavaThread "Unconstrained build operations Thread 13" [_thread_blocked, id=8812, stack(0x000000322cd00000,0x000000322ce00000)]
  0x00000216720f7500 JavaThread "Unconstrained build operations Thread 14" [_thread_blocked, id=11000, stack(0x000000322ce00000,0x000000322cf00000)]
  0x00000216720fa520 JavaThread "Unconstrained build operations Thread 15" [_thread_blocked, id=17628, stack(0x000000322cf00000,0x000000322d000000)]
  0x00000216720fd540 JavaThread "Unconstrained build operations Thread 16" [_thread_blocked, id=3592, stack(0x000000322d000000,0x000000322d100000)]
  0x00000216720f79d0 JavaThread "Unconstrained build operations Thread 17" [_thread_blocked, id=16892, stack(0x000000322d100000,0x000000322d200000)]
  0x00000216720fcba0 JavaThread "Unconstrained build operations Thread 18" [_thread_blocked, id=6184, stack(0x000000322d200000,0x000000322d300000)]
  0x00000216720fe880 JavaThread "Unconstrained build operations Thread 19" [_thread_blocked, id=4552, stack(0x000000322d300000,0x000000322d400000)]
  0x00000216720f91e0 JavaThread "Unconstrained build operations Thread 20" [_thread_blocked, id=11684, stack(0x000000322d400000,0x000000322d500000)]
  0x00000216720f96b0 JavaThread "Unconstrained build operations Thread 21" [_thread_blocked, id=4772, stack(0x000000322d500000,0x000000322d600000)]
  0x00000216720f8840 JavaThread "Unconstrained build operations Thread 22" [_thread_blocked, id=12100, stack(0x000000322d600000,0x000000322d700000)]
  0x00000216720f8d10 JavaThread "Unconstrained build operations Thread 23" [_thread_blocked, id=12868, stack(0x000000322d700000,0x000000322d800000)]
  0x00000216720f8370 JavaThread "Unconstrained build operations Thread 24" [_thread_blocked, id=4712, stack(0x000000322d800000,0x000000322d900000)]
  0x00000216720f7030 JavaThread "Unconstrained build operations Thread 25" [_thread_blocked, id=14320, stack(0x000000322d900000,0x000000322da00000)]
  0x00000216720fa9f0 JavaThread "Unconstrained build operations Thread 26" [_thread_blocked, id=17512, stack(0x000000322da00000,0x000000322db00000)]
  0x00000216720fb390 JavaThread "Unconstrained build operations Thread 27" [_thread_blocked, id=17968, stack(0x000000322db00000,0x000000322dc00000)]
  0x00000216720fb860 JavaThread "Unconstrained build operations Thread 28" [_thread_blocked, id=2004, stack(0x000000322dc00000,0x000000322dd00000)]
  0x00000216720fc200 JavaThread "Unconstrained build operations Thread 29" [_thread_blocked, id=6080, stack(0x000000322dd00000,0x000000322de00000)]
  0x00000216720fbd30 JavaThread "Unconstrained build operations Thread 30" [_thread_blocked, id=11668, stack(0x000000322de00000,0x000000322df00000)]
  0x00000216720fc6d0 JavaThread "Unconstrained build operations Thread 31" [_thread_blocked, id=4508, stack(0x000000322df00000,0x000000322e000000)]
  0x00000216720fd070 JavaThread "Unconstrained build operations Thread 32" [_thread_blocked, id=9128, stack(0x000000322e000000,0x000000322e100000)]
  0x00000216720fda10 JavaThread "Unconstrained build operations Thread 33" [_thread_blocked, id=8644, stack(0x000000322e100000,0x000000322e200000)]
  0x00000216720fdee0 JavaThread "Unconstrained build operations Thread 34" [_thread_blocked, id=10000, stack(0x000000322e200000,0x000000322e300000)]
  0x00000216720fe3b0 JavaThread "Unconstrained build operations Thread 35" [_thread_blocked, id=14748, stack(0x000000322e300000,0x000000322e400000)]
  0x0000021675912080 JavaThread "Unconstrained build operations Thread 36" [_thread_blocked, id=4616, stack(0x000000322e400000,0x000000322e500000)]
  0x000002167590c9e0 JavaThread "Unconstrained build operations Thread 37" [_thread_blocked, id=10588, stack(0x000000322e500000,0x000000322e600000)]
  0x000002167590e1f0 JavaThread "Unconstrained build operations Thread 38" [_thread_blocked, id=10168, stack(0x000000322e600000,0x000000322e700000)]
  0x000002167590e6c0 JavaThread "Unconstrained build operations Thread 39" [_thread_blocked, id=18284, stack(0x000000322e700000,0x000000322e800000)]
  0x00000216759133c0 JavaThread "Unconstrained build operations Thread 40" [_thread_blocked, id=5076, stack(0x000000322e800000,0x000000322e900000)]
  0x0000021675910d40 JavaThread "Unconstrained build operations Thread 41" [_thread_blocked, id=4336, stack(0x000000322e900000,0x000000322ea00000)]
  0x0000021675912a20 JavaThread "Unconstrained build operations Thread 42" [_thread_blocked, id=14836, stack(0x000000322ea00000,0x000000322eb00000)]
  0x000002167590eb90 JavaThread "Unconstrained build operations Thread 43" [_thread_blocked, id=14936, stack(0x000000322eb00000,0x000000322ec00000)]
  0x0000021675912ef0 JavaThread "Unconstrained build operations Thread 44" [_thread_blocked, id=18184, stack(0x000000322ec00000,0x000000322ed00000)]
  0x0000021675913890 JavaThread "Unconstrained build operations Thread 45" [_thread_blocked, id=5880, stack(0x000000322ed00000,0x000000322ee00000)]
  0x000002167590fed0 JavaThread "Unconstrained build operations Thread 46" [_thread_blocked, id=13324, stack(0x000000322ee00000,0x000000322ef00000)]
  0x00000216759103a0 JavaThread "Unconstrained build operations Thread 47" [_thread_blocked, id=2644, stack(0x000000322ef00000,0x000000322f000000)]
  0x000002167590d850 JavaThread "Unconstrained build operations Thread 48" [_thread_blocked, id=17080, stack(0x000000322f000000,0x000000322f100000)]
  0x0000021675911210 JavaThread "Unconstrained build operations Thread 49" [_thread_blocked, id=13048, stack(0x000000322f100000,0x000000322f200000)]
  0x000002167590ceb0 JavaThread "Unconstrained build operations Thread 50" [_thread_blocked, id=15756, stack(0x000000322f200000,0x000000322f300000)]
  0x0000021675913d60 JavaThread "Unconstrained build operations Thread 51" [_thread_blocked, id=14168, stack(0x000000322f300000,0x000000322f400000)]
  0x000002167590fa00 JavaThread "Unconstrained build operations Thread 52" [_thread_blocked, id=1624, stack(0x000000322f400000,0x000000322f500000)]
  0x00000216759116e0 JavaThread "Unconstrained build operations Thread 53" [_thread_blocked, id=12336, stack(0x000000322f500000,0x000000322f600000)]
  0x000002167590c510 JavaThread "Unconstrained build operations Thread 54" [_thread_blocked, id=16940, stack(0x000000322f600000,0x000000322f700000)]
  0x000002167590d380 JavaThread "Unconstrained build operations Thread 55" [_thread_blocked, id=2028, stack(0x000000322f700000,0x000000322f800000)]
  0x000002167590dd20 JavaThread "Unconstrained build operations Thread 56" [_thread_blocked, id=10736, stack(0x000000322f800000,0x000000322f900000)]
  0x000002167590f060 JavaThread "Unconstrained build operations Thread 57" [_thread_blocked, id=15536, stack(0x000000322f900000,0x000000322fa00000)]
  0x0000021675910870 JavaThread "Unconstrained build operations Thread 58" [_thread_blocked, id=17536, stack(0x000000322fa00000,0x000000322fb00000)]
  0x000002167590f530 JavaThread "Unconstrained build operations Thread 59" [_thread_blocked, id=8028, stack(0x000000322fb00000,0x000000322fc00000)]
  0x0000021675911bb0 JavaThread "Unconstrained build operations Thread 60" [_thread_blocked, id=7644, stack(0x000000322fc00000,0x000000322fd00000)]
  0x0000021675912550 JavaThread "Unconstrained build operations Thread 61" [_thread_blocked, id=9308, stack(0x000000322fd00000,0x000000322fe00000)]
  0x00000216700fecb0 JavaThread "Unconstrained build operations Thread 62" [_thread_blocked, id=8684, stack(0x000000322fe00000,0x000000322ff00000)]
  0x00000216700fc630 JavaThread "Unconstrained build operations Thread 63" [_thread_blocked, id=12440, stack(0x000000322ff00000,0x0000003230000000)]
  0x00000216700fae20 JavaThread "Unconstrained build operations Thread 64" [_thread_blocked, id=11664, stack(0x0000003230000000,0x0000003230100000)]
  0x00000216700f9610 JavaThread "Unconstrained build operations Thread 65" [_thread_blocked, id=2348, stack(0x0000003230100000,0x0000003230200000)]
  0x00000216700fb2f0 JavaThread "Unconstrained build operations Thread 66" [_thread_blocked, id=9316, stack(0x0000003230200000,0x0000003230300000)]
  0x00000216700f9fb0 JavaThread "Unconstrained build operations Thread 67" [_thread_blocked, id=15848, stack(0x0000003230300000,0x0000003230400000)]
  0x00000216700fe310 JavaThread "Unconstrained build operations Thread 68" [_thread_blocked, id=12344, stack(0x0000003230400000,0x0000003230500000)]
  0x00000216700f8c70 JavaThread "Unconstrained build operations Thread 69" [_thread_blocked, id=2784, stack(0x0000003230500000,0x0000003230600000)]
  0x00000216700fde40 JavaThread "Unconstrained build operations Thread 70" [_thread_blocked, id=16592, stack(0x0000003230600000,0x0000003230700000)]
  0x00000216700fcb00 JavaThread "Unconstrained build operations Thread 71" [_thread_blocked, id=5104, stack(0x0000003230700000,0x0000003230800000)]
  0x00000216700f82d0 JavaThread "Unconstrained build operations Thread 72" [_thread_blocked, id=4220, stack(0x0000003230800000,0x0000003230900000)]
  0x00000216700fbc90 JavaThread "Unconstrained build operations Thread 73" [_thread_blocked, id=11128, stack(0x0000003230900000,0x0000003230a00000)]
  0x00000216700fd970 JavaThread "Unconstrained build operations Thread 74" [_thread_blocked, id=6216, stack(0x0000003230a00000,0x0000003230b00000)]
  0x00000216700fc160 JavaThread "Unconstrained build operations Thread 75" [_thread_blocked, id=6240, stack(0x0000003230b00000,0x0000003230c00000)]
  0x00000216700f87a0 JavaThread "Unconstrained build operations Thread 76" [_thread_blocked, id=2700, stack(0x0000003230c00000,0x0000003230d00000)]
  0x00000216700fa480 JavaThread "Unconstrained build operations Thread 77" [_thread_blocked, id=11924, stack(0x0000003230d00000,0x0000003230e00000)]
  0x00000216700fb7c0 JavaThread "Unconstrained build operations Thread 78" [_thread_blocked, id=16276, stack(0x0000003230e00000,0x0000003230f00000)]
  0x00000216700f7e00 JavaThread "Unconstrained build operations Thread 79" [_thread_blocked, id=15732, stack(0x0000003230f00000,0x0000003231000000)]
  0x00000216700fcfd0 JavaThread "Unconstrained build operations Thread 80" [_thread_blocked, id=7416, stack(0x0000003231000000,0x0000003231100000)]
  0x00000216700fd4a0 JavaThread "jar transforms Thread 6" [_thread_blocked, id=15452, stack(0x0000003231200000,0x0000003231300000)]
  0x00000216700fe7e0 JavaThread "jar transforms Thread 7" [_thread_blocked, id=5344, stack(0x0000003231300000,0x0000003231400000)]
  0x00000216700f7460 JavaThread "jar transforms Thread 8" [_thread_blocked, id=17496, stack(0x0000003231400000,0x0000003231500000)]
  0x00000216700fa950 JavaThread "build event listener" [_thread_blocked, id=12164, stack(0x0000003231500000,0x0000003231600000)]
  0x00000216700f9140 JavaThread "Memory manager" [_thread_blocked, id=4048, stack(0x0000003231700000,0x0000003231800000)]
=>0x00000216758e7740 JavaThread "C2 CompilerThread1" daemon [_thread_in_native, id=10060, stack(0x0000003231100000,0x0000003231200000)]
  0x00000216758e44a0 JavaThread "C2 CompilerThread2" daemon [_thread_in_native, id=15776, stack(0x0000003231600000,0x0000003231700000)]

Other Threads:
  0x000002166ec3ec40 VMThread "VM Thread" [stack: 0x0000003228f00000,0x0000003229000000] [id=16256]
  0x0000021652ec45a0 WatcherThread [stack: 0x0000003229b00000,0x0000003229c00000] [id=15444]
  0x0000021652e6a260 GCTaskThread "GC Thread#0" [stack: 0x0000003228a00000,0x0000003228b00000] [id=4524]
  0x000002166fb768d0 GCTaskThread "GC Thread#1" [stack: 0x0000003229d00000,0x0000003229e00000] [id=6296]
  0x000002166fb778f0 GCTaskThread "GC Thread#2" [stack: 0x0000003229e00000,0x0000003229f00000] [id=13032]
  0x000002166fb77ba0 GCTaskThread "GC Thread#3" [stack: 0x0000003229f00000,0x000000322a000000] [id=15688]
  0x000002166fb770e0 GCTaskThread "GC Thread#4" [stack: 0x000000322a000000,0x000000322a100000] [id=3428]
  0x000002166fb76b80 GCTaskThread "GC Thread#5" [stack: 0x000000322a100000,0x000000322a200000] [id=8260]
  0x000002166fb77390 GCTaskThread "GC Thread#6" [stack: 0x0000003229c00000,0x0000003229d00000] [id=1928]
  0x0000021672126070 GCTaskThread "GC Thread#7" [stack: 0x000000322ac00000,0x000000322ad00000] [id=7040]
  0x0000021652e7b300 ConcurrentGCThread "G1 Main Marker" [stack: 0x0000003228b00000,0x0000003228c00000] [id=14972]
  0x0000021652e7cbc0 ConcurrentGCThread "G1 Conc#0" [stack: 0x0000003228c00000,0x0000003228d00000] [id=4484]
  0x0000021672124af0 ConcurrentGCThread "G1 Conc#1" [stack: 0x000000322ad00000,0x000000322ae00000] [id=15088]
  0x000002166eaee660 ConcurrentGCThread "G1 Refine#0" [stack: 0x0000003228d00000,0x0000003228e00000] [id=16784]
  0x0000021673aebc10 ConcurrentGCThread "G1 Refine#1" [stack: 0x000000322bd00000,0x000000322be00000] [id=11416]
  0x000002166eaeee30 ConcurrentGCThread "G1 Service" [stack: 0x0000003228e00000,0x0000003228f00000] [id=2216]

Threads with active compile tasks:
C2 CompilerThread0    24877 7501       4       com.sun.beans.TypeResolver::resolve (37 bytes)
C2 CompilerThread1    24877 7521   !   4       com.sun.beans.TypeResolver::resolve (261 bytes)
C2 CompilerThread2    24877 7499   !   4       java.lang.reflect.Executable::sharedToGenericString (255 bytes)

VM state: not at safepoint (normal execution)

VM Mutex/Monitor currently owned by a thread: None

Heap address: 0x0000000080000000, size: 2048 MB, Compressed Oops mode: 32-bit

CDS archive(s) not mapped
Compressed class space mapped at: 0x0000000100000000-0x0000000140000000, reserved size: 1073741824
Narrow klass base: 0x0000000000000000, Narrow klass shift: 3, Narrow klass range: 0x140000000

GC Precious Log:
 CPUs: 8 total, 8 available
 Memory: 16224M
 Large Page Support: Disabled
 NUMA Support: Disabled
 Compressed Oops: Enabled (32-bit)
 Heap Region Size: 1M
 Heap Min Capacity: 8M
 Heap Initial Capacity: 254M
 Heap Max Capacity: 2G
 Pre-touch: Disabled
 Parallel Workers: 8
 Concurrent Workers: 2
 Concurrent Refinement Workers: 8
 Periodic GC: Disabled

Heap:
 garbage-first heap   total 122880K, used 74525K [0x0000000080000000, 0x0000000100000000)
  region size 1024K, 11 young (11264K), 5 survivors (5120K)
 Metaspace       used 72267K, committed 72832K, reserved 1114112K
  class space    used 9544K, committed 9792K, reserved 1048576K

Heap Regions: E=young(eden), S=young(survivor), O=old, HS=humongous(starts), HC=humongous(continues), CS=collection set, F=free, OA=open archive, CA=closed archive, TAMS=top-at-mark-start (previous, next)
|   0|0x0000000080000000, 0x0000000080100000, 0x0000000080100000|100%|HS|  |TAMS 0x0000000080100000, 0x0000000080000000| Complete 
|   1|0x0000000080100000, 0x0000000080200000, 0x0000000080200000|100%|HC|  |TAMS 0x0000000080200000, 0x0000000080100000| Complete 
|   2|0x0000000080200000, 0x0000000080300000, 0x0000000080300000|100%|HC|  |TAMS 0x0000000080300000, 0x0000000080200000| Complete 
|   3|0x0000000080300000, 0x0000000080400000, 0x0000000080400000|100%|HC|  |TAMS 0x0000000080400000, 0x0000000080300000| Complete 
|   4|0x0000000080400000, 0x0000000080500000, 0x0000000080500000|100%| O|  |TAMS 0x0000000080500000, 0x0000000080400000| Untracked 
|   5|0x0000000080500000, 0x0000000080600000, 0x0000000080600000|100%| O|  |TAMS 0x0000000080600000, 0x0000000080500000| Untracked 
|   6|0x0000000080600000, 0x0000000080700000, 0x0000000080700000|100%| O|  |TAMS 0x0000000080700000, 0x0000000080600000| Untracked 
|   7|0x0000000080700000, 0x0000000080800000, 0x0000000080800000|100%| O|  |TAMS 0x0000000080800000, 0x0000000080700000| Untracked 
|   8|0x0000000080800000, 0x0000000080900000, 0x0000000080900000|100%| O|  |TAMS 0x0000000080900000, 0x0000000080800000| Untracked 
|   9|0x0000000080900000, 0x0000000080a00000, 0x0000000080a00000|100%| O|  |TAMS 0x0000000080a00000, 0x0000000080900000| Untracked 
|  10|0x0000000080a00000, 0x0000000080b00000, 0x0000000080b00000|100%| O|  |TAMS 0x0000000080b00000, 0x0000000080a00000| Untracked 
|  11|0x0000000080b00000, 0x0000000080c00000, 0x0000000080c00000|100%|HS|  |TAMS 0x0000000080c00000, 0x0000000080b00000| Complete 
|  12|0x0000000080c00000, 0x0000000080d00000, 0x0000000080d00000|100%| O|  |TAMS 0x0000000080d00000, 0x0000000080c00000| Untracked 
|  13|0x0000000080d00000, 0x0000000080e00000, 0x0000000080e00000|100%| O|  |TAMS 0x0000000080e00000, 0x0000000080d00000| Untracked 
|  14|0x0000000080e00000, 0x0000000080f00000, 0x0000000080f00000|100%| O|  |TAMS 0x0000000080f00000, 0x0000000080e00000| Untracked 
|  15|0x0000000080f00000, 0x0000000081000000, 0x0000000081000000|100%| O|  |TAMS 0x0000000081000000, 0x0000000080f00000| Untracked 
|  16|0x0000000081000000, 0x0000000081100000, 0x0000000081100000|100%| O|  |TAMS 0x0000000081100000, 0x0000000081000000| Untracked 
|  17|0x0000000081100000, 0x0000000081200000, 0x0000000081200000|100%| O|  |TAMS 0x0000000081200000, 0x0000000081100000| Untracked 
|  18|0x0000000081200000, 0x0000000081300000, 0x0000000081300000|100%| O|  |TAMS 0x0000000081300000, 0x0000000081200000| Untracked 
|  19|0x0000000081300000, 0x0000000081400000, 0x0000000081400000|100%| O|  |TAMS 0x0000000081400000, 0x0000000081300000| Untracked 
|  20|0x0000000081400000, 0x0000000081500000, 0x0000000081500000|100%| O|  |TAMS 0x0000000081500000, 0x0000000081400000| Untracked 
|  21|0x0000000081500000, 0x0000000081600000, 0x0000000081600000|100%| O|  |TAMS 0x0000000081600000, 0x0000000081500000| Untracked 
|  22|0x0000000081600000, 0x0000000081700000, 0x0000000081700000|100%| O|  |TAMS 0x0000000081700000, 0x0000000081600000| Untracked 
|  23|0x0000000081700000, 0x0000000081800000, 0x0000000081800000|100%| O|  |TAMS 0x0000000081800000, 0x0000000081700000| Untracked 
|  24|0x0000000081800000, 0x0000000081900000, 0x0000000081900000|100%| O|  |TAMS 0x0000000081900000, 0x0000000081800000| Untracked 
|  25|0x0000000081900000, 0x0000000081a00000, 0x0000000081a00000|100%| O|  |TAMS 0x0000000081a00000, 0x0000000081900000| Untracked 
|  26|0x0000000081a00000, 0x0000000081b00000, 0x0000000081b00000|100%| O|  |TAMS 0x0000000081b00000, 0x0000000081a00000| Untracked 
|  27|0x0000000081b00000, 0x0000000081c00000, 0x0000000081c00000|100%| O|  |TAMS 0x0000000081c00000, 0x0000000081b00000| Untracked 
|  28|0x0000000081c00000, 0x0000000081d00000, 0x0000000081d00000|100%| O|  |TAMS 0x0000000081d00000, 0x0000000081c00000| Untracked 
|  29|0x0000000081d00000, 0x0000000081e00000, 0x0000000081e00000|100%| O|  |TAMS 0x0000000081e00000, 0x0000000081d00000| Untracked 
|  30|0x0000000081e00000, 0x0000000081f00000, 0x0000000081f00000|100%| O|  |TAMS 0x0000000081f00000, 0x0000000081e00000| Untracked 
|  31|0x0000000081f00000, 0x0000000082000000, 0x0000000082000000|100%| O|  |TAMS 0x0000000082000000, 0x0000000081f00000| Untracked 
|  32|0x0000000082000000, 0x0000000082100000, 0x0000000082100000|100%| O|  |TAMS 0x0000000082100000, 0x0000000082000000| Untracked 
|  33|0x0000000082100000, 0x0000000082200000, 0x0000000082200000|100%| O|  |TAMS 0x0000000082200000, 0x0000000082100000| Untracked 
|  34|0x0000000082200000, 0x0000000082300000, 0x0000000082300000|100%| O|  |TAMS 0x0000000082300000, 0x0000000082200000| Untracked 
|  35|0x0000000082300000, 0x0000000082400000, 0x0000000082400000|100%|HS|  |TAMS 0x0000000082400000, 0x0000000082300000| Complete 
|  36|0x0000000082400000, 0x0000000082500000, 0x0000000082500000|100%|HS|  |TAMS 0x0000000082500000, 0x0000000082400000| Complete 
|  37|0x0000000082500000, 0x0000000082600000, 0x0000000082600000|100%|HC|  |TAMS 0x0000000082600000, 0x0000000082500000| Complete 
|  38|0x0000000082600000, 0x0000000082700000, 0x0000000082700000|100%|HS|  |TAMS 0x0000000082700000, 0x0000000082600000| Complete 
|  39|0x0000000082700000, 0x0000000082800000, 0x0000000082800000|100%|HC|  |TAMS 0x0000000082800000, 0x0000000082700000| Complete 
|  40|0x0000000082800000, 0x0000000082900000, 0x0000000082900000|100%|HC|  |TAMS 0x0000000082900000, 0x0000000082800000| Complete 
|  41|0x0000000082900000, 0x0000000082a00000, 0x0000000082a00000|100%|HC|  |TAMS 0x0000000082a00000, 0x0000000082900000| Complete 
|  42|0x0000000082a00000, 0x0000000082b00000, 0x0000000082b00000|100%| O|  |TAMS 0x0000000082b00000, 0x0000000082a00000| Untracked 
|  43|0x0000000082b00000, 0x0000000082c00000, 0x0000000082c00000|100%| O|  |TAMS 0x0000000082c00000, 0x0000000082b00000| Untracked 
|  44|0x0000000082c00000, 0x0000000082d00000, 0x0000000082d00000|100%| O|  |TAMS 0x0000000082d00000, 0x0000000082c00000| Untracked 
|  45|0x0000000082d00000, 0x0000000082e00000, 0x0000000082e00000|100%| O|  |TAMS 0x0000000082e00000, 0x0000000082d00000| Untracked 
|  46|0x0000000082e00000, 0x0000000082f00000, 0x0000000082f00000|100%| O|  |TAMS 0x0000000082f00000, 0x0000000082e00000| Untracked 
|  47|0x0000000082f00000, 0x0000000083000000, 0x0000000083000000|100%| O|  |TAMS 0x0000000083000000, 0x0000000082f00000| Untracked 
|  48|0x0000000083000000, 0x0000000083100000, 0x0000000083100000|100%| O|  |TAMS 0x0000000083100000, 0x0000000083000000| Untracked 
|  49|0x0000000083100000, 0x0000000083200000, 0x0000000083200000|100%| O|  |TAMS 0x0000000083200000, 0x0000000083100000| Untracked 
|  50|0x0000000083200000, 0x0000000083300000, 0x0000000083300000|100%| O|  |TAMS 0x0000000083300000, 0x0000000083200000| Untracked 
|  51|0x0000000083300000, 0x0000000083400000, 0x0000000083400000|100%| O|  |TAMS 0x0000000083400000, 0x0000000083300000| Untracked 
|  52|0x0000000083400000, 0x0000000083500000, 0x0000000083500000|100%| O|  |TAMS 0x0000000083500000, 0x0000000083400000| Untracked 
|  53|0x0000000083500000, 0x0000000083600000, 0x0000000083600000|100%| O|  |TAMS 0x0000000083600000, 0x0000000083500000| Untracked 
|  54|0x0000000083600000, 0x0000000083700000, 0x0000000083700000|100%| O|  |TAMS 0x0000000083700000, 0x0000000083600000| Untracked 
|  55|0x0000000083700000, 0x0000000083800000, 0x0000000083800000|100%| O|  |TAMS 0x0000000083737e00, 0x0000000083700000| Untracked 
|  56|0x0000000083800000, 0x0000000083900000, 0x0000000083900000|100%| O|  |TAMS 0x0000000083800000, 0x0000000083800000| Untracked 
|  57|0x0000000083900000, 0x0000000083a00000, 0x0000000083a00000|100%| O|  |TAMS 0x0000000083900000, 0x0000000083900000| Untracked 
|  58|0x0000000083a00000, 0x0000000083b00000, 0x0000000083b00000|100%| O|  |TAMS 0x0000000083b00000, 0x0000000083a00000| Untracked 
|  59|0x0000000083b00000, 0x0000000083c00000, 0x0000000083c00000|100%| O|  |TAMS 0x0000000083c00000, 0x0000000083b00000| Untracked 
|  60|0x0000000083c00000, 0x0000000083d00000, 0x0000000083d00000|100%| O|  |TAMS 0x0000000083d00000, 0x0000000083c00000| Untracked 
|  61|0x0000000083d00000, 0x0000000083e00000, 0x0000000083e00000|100%| O|  |TAMS 0x0000000083d00000, 0x0000000083d00000| Untracked 
|  62|0x0000000083e00000, 0x0000000083ec7400, 0x0000000083f00000| 77%| O|  |TAMS 0x0000000083e00000, 0x0000000083e00000| Untracked 
|  63|0x0000000083f00000, 0x0000000083f00000, 0x0000000084000000|  0%| F|  |TAMS 0x0000000083f00000, 0x0000000083f00000| Untracked 
|  64|0x0000000084000000, 0x0000000084000000, 0x0000000084100000|  0%| F|  |TAMS 0x0000000084000000, 0x0000000084000000| Untracked 
|  65|0x0000000084100000, 0x0000000084100000, 0x0000000084200000|  0%| F|  |TAMS 0x0000000084100000, 0x0000000084100000| Untracked 
|  66|0x0000000084200000, 0x0000000084200000, 0x0000000084300000|  0%| F|  |TAMS 0x0000000084200000, 0x0000000084200000| Untracked 
|  67|0x0000000084300000, 0x0000000084300000, 0x0000000084400000|  0%| F|  |TAMS 0x0000000084300000, 0x0000000084300000| Untracked 
|  68|0x0000000084400000, 0x0000000084400000, 0x0000000084500000|  0%| F|  |TAMS 0x0000000084400000, 0x0000000084400000| Untracked 
|  69|0x0000000084500000, 0x0000000084500000, 0x0000000084600000|  0%| F|  |TAMS 0x0000000084500000, 0x0000000084500000| Untracked 
|  70|0x0000000084600000, 0x0000000084600000, 0x0000000084700000|  0%| F|  |TAMS 0x0000000084600000, 0x0000000084600000| Untracked 
|  71|0x0000000084700000, 0x0000000084700000, 0x0000000084800000|  0%| F|  |TAMS 0x0000000084700000, 0x0000000084700000| Untracked 
|  72|0x0000000084800000, 0x0000000084800000, 0x0000000084900000|  0%| F|  |TAMS 0x0000000084800000, 0x0000000084800000| Untracked 
|  73|0x0000000084900000, 0x0000000084900000, 0x0000000084a00000|  0%| F|  |TAMS 0x0000000084900000, 0x0000000084900000| Untracked 
|  74|0x0000000084a00000, 0x0000000084a00000, 0x0000000084b00000|  0%| F|  |TAMS 0x0000000084a00000, 0x0000000084a00000| Untracked 
|  75|0x0000000084b00000, 0x0000000084b00000, 0x0000000084c00000|  0%| F|  |TAMS 0x0000000084b00000, 0x0000000084b00000| Untracked 
|  76|0x0000000084c00000, 0x0000000084c00000, 0x0000000084d00000|  0%| F|  |TAMS 0x0000000084c00000, 0x0000000084c00000| Untracked 
|  77|0x0000000084d00000, 0x0000000084d00000, 0x0000000084e00000|  0%| F|  |TAMS 0x0000000084d00000, 0x0000000084d00000| Untracked 
|  78|0x0000000084e00000, 0x0000000084e00000, 0x0000000084f00000|  0%| F|  |TAMS 0x0000000084e00000, 0x0000000084e00000| Untracked 
|  79|0x0000000084f00000, 0x0000000084f00000, 0x0000000085000000|  0%| F|  |TAMS 0x0000000084f00000, 0x0000000084f00000| Untracked 
|  80|0x0000000085000000, 0x0000000085000000, 0x0000000085100000|  0%| F|  |TAMS 0x0000000085000000, 0x0000000085000000| Untracked 
|  81|0x0000000085100000, 0x0000000085100000, 0x0000000085200000|  0%| F|  |TAMS 0x0000000085100000, 0x0000000085100000| Untracked 
|  82|0x0000000085200000, 0x0000000085200000, 0x0000000085300000|  0%| F|  |TAMS 0x0000000085200000, 0x0000000085200000| Untracked 
|  83|0x0000000085300000, 0x0000000085300000, 0x0000000085400000|  0%| F|  |TAMS 0x0000000085300000, 0x0000000085300000| Untracked 
|  84|0x0000000085400000, 0x0000000085400000, 0x0000000085500000|  0%| F|  |TAMS 0x0000000085400000, 0x0000000085400000| Untracked 
|  85|0x0000000085500000, 0x0000000085600000, 0x0000000085600000|100%| S|CS|TAMS 0x0000000085500000, 0x0000000085500000| Complete 
|  86|0x0000000085600000, 0x0000000085700000, 0x0000000085700000|100%| S|CS|TAMS 0x0000000085600000, 0x0000000085600000| Complete 
|  87|0x0000000085700000, 0x0000000085700000, 0x0000000085800000|  0%| F|  |TAMS 0x0000000085700000, 0x0000000085700000| Untracked 
|  88|0x0000000085800000, 0x0000000085900000, 0x0000000085900000|100%| S|CS|TAMS 0x0000000085800000, 0x0000000085800000| Complete 
|  89|0x0000000085900000, 0x0000000085a00000, 0x0000000085a00000|100%| S|CS|TAMS 0x0000000085900000, 0x0000000085900000| Complete 
|  90|0x0000000085a00000, 0x0000000085b00000, 0x0000000085b00000|100%| S|CS|TAMS 0x0000000085a00000, 0x0000000085a00000| Complete 
|  91|0x0000000085b00000, 0x0000000085b00000, 0x0000000085c00000|  0%| F|  |TAMS 0x0000000085b00000, 0x0000000085b00000| Untracked 
|  92|0x0000000085c00000, 0x0000000085c00000, 0x0000000085d00000|  0%| F|  |TAMS 0x0000000085c00000, 0x0000000085c00000| Untracked 
|  93|0x0000000085d00000, 0x0000000085d00000, 0x0000000085e00000|  0%| F|  |TAMS 0x0000000085d00000, 0x0000000085d00000| Untracked 
|  94|0x0000000085e00000, 0x0000000085e00000, 0x0000000085f00000|  0%| F|  |TAMS 0x0000000085e00000, 0x0000000085e00000| Untracked 
|  95|0x0000000085f00000, 0x0000000085f00000, 0x0000000086000000|  0%| F|  |TAMS 0x0000000085f00000, 0x0000000085f00000| Untracked 
|  96|0x0000000086000000, 0x0000000086000000, 0x0000000086100000|  0%| F|  |TAMS 0x0000000086000000, 0x0000000086000000| Untracked 
|  97|0x0000000086100000, 0x0000000086100000, 0x0000000086200000|  0%| F|  |TAMS 0x0000000086100000, 0x0000000086100000| Untracked 
|  98|0x0000000086200000, 0x0000000086200000, 0x0000000086300000|  0%| F|  |TAMS 0x0000000086200000, 0x0000000086200000| Untracked 
|  99|0x0000000086300000, 0x0000000086300000, 0x0000000086400000|  0%| F|  |TAMS 0x0000000086300000, 0x0000000086300000| Untracked 
| 100|0x0000000086400000, 0x0000000086400000, 0x0000000086500000|  0%| F|  |TAMS 0x0000000086400000, 0x0000000086400000| Untracked 
| 101|0x0000000086500000, 0x0000000086500000, 0x0000000086600000|  0%| F|  |TAMS 0x0000000086500000, 0x0000000086500000| Untracked 
| 102|0x0000000086600000, 0x0000000086600000, 0x0000000086700000|  0%| F|  |TAMS 0x0000000086600000, 0x0000000086600000| Untracked 
| 103|0x0000000086700000, 0x0000000086700000, 0x0000000086800000|  0%| F|  |TAMS 0x0000000086700000, 0x0000000086700000| Untracked 
| 104|0x0000000086800000, 0x0000000086800000, 0x0000000086900000|  0%| F|  |TAMS 0x0000000086800000, 0x0000000086800000| Untracked 
| 105|0x0000000086900000, 0x0000000086900000, 0x0000000086a00000|  0%| F|  |TAMS 0x0000000086900000, 0x0000000086900000| Untracked 
| 106|0x0000000086a00000, 0x0000000086a00000, 0x0000000086b00000|  0%| F|  |TAMS 0x0000000086a00000, 0x0000000086a00000| Untracked 
| 107|0x0000000086b00000, 0x0000000086b00000, 0x0000000086c00000|  0%| F|  |TAMS 0x0000000086b00000, 0x0000000086b00000| Untracked 
| 108|0x0000000086c00000, 0x0000000086c00000, 0x0000000086d00000|  0%| F|  |TAMS 0x0000000086c00000, 0x0000000086c00000| Untracked 
| 109|0x0000000086d00000, 0x0000000086d00000, 0x0000000086e00000|  0%| F|  |TAMS 0x0000000086d00000, 0x0000000086d00000| Untracked 
| 203|0x000000008cb00000, 0x000000008cb00000, 0x000000008cc00000|  0%| F|  |TAMS 0x000000008cb00000, 0x000000008cb00000| Untracked 
| 204|0x000000008cc00000, 0x000000008cc00000, 0x000000008cd00000|  0%| F|  |TAMS 0x000000008cc00000, 0x000000008cc00000| Untracked 
| 205|0x000000008cd00000, 0x000000008cd00000, 0x000000008ce00000|  0%| F|  |TAMS 0x000000008cd00000, 0x000000008cd00000| Untracked 
| 206|0x000000008ce00000, 0x000000008ce00000, 0x000000008cf00000|  0%| F|  |TAMS 0x000000008ce00000, 0x000000008ce00000| Untracked 
| 207|0x000000008cf00000, 0x000000008d000000, 0x000000008d000000|100%| E|  |TAMS 0x000000008cf00000, 0x000000008cf00000| Complete 
| 208|0x000000008d000000, 0x000000008d100000, 0x000000008d100000|100%| E|CS|TAMS 0x000000008d000000, 0x000000008d000000| Complete 
| 209|0x000000008d100000, 0x000000008d200000, 0x000000008d200000|100%| E|CS|TAMS 0x000000008d100000, 0x000000008d100000| Complete 
| 210|0x000000008d200000, 0x000000008d300000, 0x000000008d300000|100%| E|CS|TAMS 0x000000008d200000, 0x000000008d200000| Complete 
| 211|0x000000008d300000, 0x000000008d400000, 0x000000008d400000|100%| E|CS|TAMS 0x000000008d300000, 0x000000008d300000| Complete 
| 253|0x000000008fd00000, 0x000000008fe00000, 0x000000008fe00000|100%| E|CS|TAMS 0x000000008fd00000, 0x000000008fd00000| Complete 

Card table byte_map: [0x0000021667930000,0x0000021667d30000] _byte_map_base: 0x0000021667530000

Marking Bits (Prev, Next): (CMBitMap*) 0x0000021652e6a870, (CMBitMap*) 0x0000021652e6a8b0
 Prev Bits: [0x0000021668130000, 0x000002166a130000)
 Next Bits: [0x000002166a130000, 0x000002166c130000)

Polling page: 0x0000021652ed0000

Metaspace:

Usage:
  Non-class:     61.28 MB used.
      Class:      9.32 MB used.
       Both:     70.60 MB used.

Virtual space:
  Non-class space:       64.00 MB reserved,      61.56 MB ( 96%) committed,  8 nodes.
      Class space:        1.00 GB reserved,       9.56 MB ( <1%) committed,  1 nodes.
             Both:        1.06 GB reserved,      71.12 MB (  7%) committed. 

Chunk freelists:
   Non-Class:  2.20 MB
       Class:  2.38 MB
        Both:  4.58 MB

MaxMetaspaceSize: unlimited
CompressedClassSpaceSize: 1.00 GB
Initial GC threshold: 21.00 MB
Current GC threshold: 116.50 MB
CDS: off
MetaspaceReclaimPolicy: balanced
 - commit_granule_bytes: 65536.
 - commit_granule_words: 8192.
 - virtual_space_node_default_size: 1048576.
 - enlarge_chunks_in_place: 1.
 - new_chunks_are_fully_committed: 0.
 - uncommit_free_chunks: 1.
 - use_allocation_guard: 0.
 - handle_deallocations: 1.


Internal statistics:

num_allocs_failed_limit: 6.
num_arena_births: 650.
num_arena_deaths: 0.
num_vsnodes_births: 9.
num_vsnodes_deaths: 0.
num_space_committed: 1138.
num_space_uncommitted: 0.
num_chunks_returned_to_freelist: 6.
num_chunks_taken_from_freelist: 3079.
num_chunk_merges: 6.
num_chunk_splits: 2061.
num_chunks_enlarged: 1418.
num_purges: 0.
num_inconsistent_stats: 0.

CodeHeap 'non-profiled nmethods': size=120000Kb used=4071Kb max_used=4071Kb free=115928Kb
 bounds [0x000002165f570000, 0x000002165f970000, 0x0000021666aa0000]
CodeHeap 'profiled nmethods': size=120000Kb used=13112Kb max_used=13112Kb free=106887Kb
 bounds [0x0000021657aa0000, 0x0000021658780000, 0x000002165efd0000]
CodeHeap 'non-nmethods': size=5760Kb used=2357Kb max_used=2435Kb free=3402Kb
 bounds [0x000002165efd0000, 0x000002165f240000, 0x000002165f570000]
 total_blobs=7531 nmethods=6648 adapters=795
 compilation: enabled
              stopped_count=0, restarted_count=0
 full_count=0

Compilation events (20 events):
Event: 24.646 Thread 0x000002166f8b5080 7557       3       java.lang.ClassLoader::compareCerts (197 bytes)
Event: 24.647 Thread 0x000002166f8b5080 nmethod 7557 0x0000021658762390 code [0x00000216587625a0, 0x0000021658762e38]
Event: 24.676 Thread 0x000002166f8b5080 7558   !   3       jdk.internal.reflect.GeneratedConstructorAccessor5::newInstance (53 bytes)
Event: 24.677 Thread 0x000002166f8b5080 nmethod 7558 0x0000021658763110 code [0x0000021658763340, 0x0000021658763ba8]
Event: 24.724 Thread 0x000002166f8b5080 7559       3       com.google.common.cache.LocalCache::createSegment (13 bytes)
Event: 24.724 Thread 0x000002166f8b5080 nmethod 7559 0x0000021658764010 code [0x00000216587641c0, 0x0000021658764388]
Event: 24.724 Thread 0x000002166f8b5080 7562   !   3       com.google.common.cache.LocalCache$Segment::storeLoadedValue (371 bytes)
Event: 24.733 Thread 0x000002166f8b5080 nmethod 7562 0x0000021658764490 code [0x0000021658764c40, 0x00000216587693d8]
Event: 24.733 Thread 0x000002166f8b5080 7561       3       com.google.common.base.Stopwatch::elapsedNanos (32 bytes)
Event: 24.733 Thread 0x000002166f8b5080 nmethod 7561 0x000002165876b710 code [0x000002165876b8c0, 0x000002165876bb28]
Event: 24.733 Thread 0x000002166f8b5080 7563       3       com.google.common.cache.LocalCache$LoadingValueReference::notifyNewValue (21 bytes)
Event: 24.734 Thread 0x000002166f8b5080 nmethod 7563 0x000002165876bc10 code [0x000002165876bde0, 0x000002165876c188]
Event: 24.734 Thread 0x000002166f8b5080 7560       3       com.google.common.cache.LocalCache$Segment::<init> (163 bytes)
Event: 24.748 Thread 0x000002166f8b5080 nmethod 7560 0x000002165876c310 code [0x000002165876c740, 0x000002165876ed88]
Event: 24.751 Thread 0x000002166f8b5080 7564       3       org.gradle.api.internal.file.AbstractOpaqueFileCollection::<init> (7 bytes)
Event: 24.752 Thread 0x000002166f8b5080 nmethod 7564 0x000002165876f810 code [0x000002165876f9c0, 0x000002165876fc38]
Event: 24.758 Thread 0x000002166f8b5080 7565       3       java.util.concurrent.atomic.AtomicLong::addAndGet (14 bytes)
Event: 24.758 Thread 0x000002166f8b5080 nmethod 7565 0x000002165876fd10 code [0x000002165876fea0, 0x000002165876ffb8]
Event: 24.759 Thread 0x000002166f8b5080 7567       3       org.gradle.api.internal.artifacts.configurations.DefaultConfiguration::getAttributes (5 bytes)
Event: 24.759 Thread 0x000002166f8b5080 nmethod 7567 0x0000021658770090 code [0x0000021658770240, 0x0000021658770408]

GC Heap History (20 events):
Event: 12.305 GC heap before
{Heap before GC invocations=15 (full 0):
 garbage-first heap   total 71680K, used 57514K [0x0000000080000000, 0x0000000100000000)
  region size 1024K, 23 young (23552K), 1 survivors (1024K)
 Metaspace       used 51291K, committed 51776K, reserved 1097728K
  class space    used 6780K, committed 6976K, reserved 1048576K
}
Event: 12.309 GC heap after
{Heap after GC invocations=16 (full 0):
 garbage-first heap   total 101376K, used 37456K [0x0000000080000000, 0x0000000100000000)
  region size 1024K, 3 young (3072K), 3 survivors (3072K)
 Metaspace       used 51291K, committed 51776K, reserved 1097728K
  class space    used 6780K, committed 6976K, reserved 1048576K
}
Event: 18.775 GC heap before
{Heap before GC invocations=17 (full 0):
 garbage-first heap   total 101376K, used 87632K [0x0000000080000000, 0x0000000100000000)
  region size 1024K, 44 young (45056K), 3 survivors (3072K)
 Metaspace       used 52495K, committed 52928K, reserved 1097728K
  class space    used 6941K, committed 7104K, reserved 1048576K
}
Event: 18.783 GC heap after
{Heap after GC invocations=18 (full 0):
 garbage-first heap   total 101376K, used 54079K [0x0000000080000000, 0x0000000100000000)
  region size 1024K, 6 young (6144K), 6 survivors (6144K)
 Metaspace       used 52495K, committed 52928K, reserved 1097728K
  class space    used 6941K, committed 7104K, reserved 1048576K
}
Event: 19.506 GC heap before
{Heap before GC invocations=18 (full 0):
 garbage-first heap   total 101376K, used 77631K [0x0000000080000000, 0x0000000100000000)
  region size 1024K, 29 young (29696K), 6 survivors (6144K)
 Metaspace       used 55797K, committed 56256K, reserved 1097728K
  class space    used 7402K, committed 7616K, reserved 1048576K
}
Event: 19.511 GC heap after
{Heap after GC invocations=19 (full 0):
 garbage-first heap   total 101376K, used 54871K [0x0000000080000000, 0x0000000100000000)
  region size 1024K, 1 young (1024K), 1 survivors (1024K)
 Metaspace       used 55797K, committed 56256K, reserved 1097728K
  class space    used 7402K, committed 7616K, reserved 1048576K
}
Event: 20.462 GC heap before
{Heap before GC invocations=20 (full 0):
 garbage-first heap   total 101376K, used 79447K [0x0000000080000000, 0x0000000100000000)
  region size 1024K, 25 young (25600K), 1 survivors (1024K)
 Metaspace       used 60473K, committed 60992K, reserved 1105920K
  class space    used 8003K, committed 8256K, reserved 1048576K
}
Event: 20.467 GC heap after
{Heap after GC invocations=21 (full 0):
 garbage-first heap   total 101376K, used 55952K [0x0000000080000000, 0x0000000100000000)
  region size 1024K, 3 young (3072K), 3 survivors (3072K)
 Metaspace       used 60473K, committed 60992K, reserved 1105920K
  class space    used 8003K, committed 8256K, reserved 1048576K
}
Event: 20.982 GC heap before
{Heap before GC invocations=21 (full 0):
 garbage-first heap   total 101376K, used 67216K [0x0000000080000000, 0x0000000100000000)
  region size 1024K, 16 young (16384K), 3 survivors (3072K)
 Metaspace       used 62728K, committed 63232K, reserved 1105920K
  class space    used 8293K, committed 8512K, reserved 1048576K
}
Event: 20.988 GC heap after
{Heap after GC invocations=22 (full 0):
 garbage-first heap   total 101376K, used 57525K [0x0000000080000000, 0x0000000100000000)
  region size 1024K, 4 young (4096K), 4 survivors (4096K)
 Metaspace       used 62728K, committed 63232K, reserved 1105920K
  class space    used 8293K, committed 8512K, reserved 1048576K
}
Event: 21.547 GC heap before
{Heap before GC invocations=23 (full 0):
 garbage-first heap   total 119808K, used 86197K [0x0000000080000000, 0x0000000100000000)
  region size 1024K, 26 young (26624K), 4 survivors (4096K)
 Metaspace       used 64181K, committed 64640K, reserved 1105920K
  class space    used 8474K, committed 8704K, reserved 1048576K
}
Event: 21.554 GC heap after
{Heap after GC invocations=24 (full 0):
 garbage-first heap   total 119808K, used 59734K [0x0000000080000000, 0x0000000100000000)
  region size 1024K, 4 young (4096K), 4 survivors (4096K)
 Metaspace       used 64181K, committed 64640K, reserved 1105920K
  class space    used 8474K, committed 8704K, reserved 1048576K
}
Event: 22.363 GC heap before
{Heap before GC invocations=24 (full 0):
 garbage-first heap   total 119808K, used 90454K [0x0000000080000000, 0x0000000100000000)
  region size 1024K, 34 young (34816K), 4 survivors (4096K)
 Metaspace       used 66737K, committed 67328K, reserved 1114112K
  class space    used 8795K, committed 9088K, reserved 1048576K
}
Event: 22.370 GC heap after
{Heap after GC invocations=25 (full 0):
 garbage-first heap   total 119808K, used 62602K [0x0000000080000000, 0x0000000100000000)
  region size 1024K, 3 young (3072K), 3 survivors (3072K)
 Metaspace       used 66737K, committed 67328K, reserved 1114112K
  class space    used 8795K, committed 9088K, reserved 1048576K
}
Event: 23.416 GC heap before
{Heap before GC invocations=26 (full 0):
 garbage-first heap   total 119808K, used 93322K [0x0000000080000000, 0x0000000100000000)
  region size 1024K, 33 young (33792K), 3 survivors (3072K)
 Metaspace       used 70312K, committed 70912K, reserved 1114112K
  class space    used 9254K, committed 9536K, reserved 1048576K
}
Event: 23.422 GC heap after
{Heap after GC invocations=27 (full 0):
 garbage-first heap   total 119808K, used 64117K [0x0000000080000000, 0x0000000100000000)
  region size 1024K, 5 young (5120K), 5 survivors (5120K)
 Metaspace       used 70312K, committed 70912K, reserved 1114112K
  class space    used 9254K, committed 9536K, reserved 1048576K
}
Event: 24.150 GC heap before
{Heap before GC invocations=27 (full 0):
 garbage-first heap   total 119808K, used 93813K [0x0000000080000000, 0x0000000100000000)
  region size 1024K, 34 young (34816K), 5 survivors (5120K)
 Metaspace       used 70910K, committed 71424K, reserved 1114112K
  class space    used 9350K, committed 9600K, reserved 1048576K
}
Event: 24.159 GC heap after
{Heap after GC invocations=28 (full 0):
 garbage-first heap   total 119808K, used 66625K [0x0000000080000000, 0x0000000100000000)
  region size 1024K, 5 young (5120K), 5 survivors (5120K)
 Metaspace       used 70910K, committed 71424K, reserved 1114112K
  class space    used 9350K, committed 9600K, reserved 1048576K
}
Event: 24.737 GC heap before
{Heap before GC invocations=29 (full 0):
 garbage-first heap   total 122880K, used 96321K [0x0000000080000000, 0x0000000100000000)
  region size 1024K, 34 young (34816K), 5 survivors (5120K)
 Metaspace       used 71639K, committed 72192K, reserved 1114112K
  class space    used 9443K, committed 9728K, reserved 1048576K
}
Event: 24.748 GC heap after
{Heap after GC invocations=30 (full 0):
 garbage-first heap   total 122880K, used 69405K [0x0000000080000000, 0x0000000100000000)
  region size 1024K, 5 young (5120K), 5 survivors (5120K)
 Metaspace       used 71639K, committed 72192K, reserved 1114112K
  class space    used 9443K, committed 9728K, reserved 1048576K
}

Dll operation events (2 events):
Event: 0.277 Loaded shared library D:\Jetbrains\apps\AndroidStudio\ch-0\222.4459.24.2221.9971841\jbr\bin\java.dll
Event: 1.110 Loaded shared library D:\Jetbrains\apps\AndroidStudio\ch-0\222.4459.24.2221.9971841\jbr\bin\verify.dll

Deoptimization events (20 events):
Event: 23.605 Thread 0x000002167053e920 DEOPT PACKING pc=0x000002165f7538ac sp=0x000000322a9f7610
Event: 23.605 Thread 0x000002167053e920 DEOPT UNPACKING pc=0x000002165f0269a3 sp=0x000000322a9f7588 mode 2
Event: 23.631 Thread 0x000002167053e920 Uncommon trap: trap_request=0xffffff45 fr.pc=0x000002165f6ba834 relative=0x0000000000000e74
Event: 23.631 Thread 0x000002167053e920 Uncommon trap: reason=unstable_if action=reinterpret pc=0x000002165f6ba834 method=java.lang.ClassLoader.checkCerts(Ljava/lang/String;Ljava/security/CodeSource;)V @ 30 c2
Event: 23.631 Thread 0x000002167053e920 DEOPT PACKING pc=0x000002165f6ba834 sp=0x000000322a9f8b90
Event: 23.631 Thread 0x000002167053e920 DEOPT UNPACKING pc=0x000002165f0269a3 sp=0x000000322a9f8b68 mode 2
Event: 23.632 Thread 0x000002167053e920 Uncommon trap: trap_request=0xffffff45 fr.pc=0x000002165f7eb49c relative=0x0000000000000b1c
Event: 23.632 Thread 0x000002167053e920 Uncommon trap: reason=unstable_if action=reinterpret pc=0x000002165f7eb49c method=java.lang.ClassLoader.loadClass(Ljava/lang/String;Z)Ljava/lang/Class; @ 29 c2
Event: 23.632 Thread 0x000002167053e920 DEOPT PACKING pc=0x000002165f7eb49c sp=0x000000322a9f4d20
Event: 23.632 Thread 0x000002167053e920 DEOPT UNPACKING pc=0x000002165f0269a3 sp=0x000000322a9f4ce8 mode 2
Event: 23.716 Thread 0x000002167053e920 Uncommon trap: trap_request=0xffffff45 fr.pc=0x000002165f930e5c relative=0x000000000000049c
Event: 23.716 Thread 0x000002167053e920 Uncommon trap: reason=unstable_if action=reinterpret pc=0x000002165f930e5c method=java.util.StringJoiner.add(Ljava/lang/CharSequence;)Ljava/util/StringJoiner; @ 33 c2
Event: 23.716 Thread 0x000002167053e920 DEOPT PACKING pc=0x000002165f930e5c sp=0x000000322a9f71b0
Event: 23.716 Thread 0x000002167053e920 DEOPT UNPACKING pc=0x000002165f0269a3 sp=0x000000322a9f7160 mode 2
Event: 23.764 Thread 0x000002167053e920 DEOPT PACKING pc=0x0000021658090f59 sp=0x000000322a9f89c0
Event: 23.764 Thread 0x000002167053e920 DEOPT UNPACKING pc=0x000002165f027143 sp=0x000000322a9f7eb0 mode 0
Event: 24.429 Thread 0x000002167053e920 Uncommon trap: trap_request=0xfffffff4 fr.pc=0x000002165f81f368 relative=0x0000000000000788
Event: 24.430 Thread 0x000002167053e920 Uncommon trap: reason=null_check action=make_not_entrant pc=0x000002165f81f368 method=org.gradle.util.internal.SimpleMapInterner.intern(Ljava/lang/Object;)Ljava/lang/Object; @ 2 c2
Event: 24.431 Thread 0x000002167053e920 DEOPT PACKING pc=0x000002165f81f368 sp=0x000000322a9f7300
Event: 24.431 Thread 0x000002167053e920 DEOPT UNPACKING pc=0x000002165f0269a3 sp=0x000000322a9f72c8 mode 2

Classes unloaded (0 events):
No events

Classes redefined (0 events):
No events

Internal exceptions (20 events):
Event: 24.415 Thread 0x000002167053e920 Exception <a 'java/lang/ClassNotFoundException'{0x0000000086775718}: com/android/build/gradle/internal/dsl/ApplicationBuildFeaturesImpl_DecoratedCustomizer> (0x0000000086775718) 
thrown [s\src\hotspot\share\classfile\systemDictionary.cpp, line 256]
Event: 24.429 Thread 0x000002167053e920 Implicit null exception at 0x000002165f81ec0f to 0x000002165f81f358
Event: 24.441 Thread 0x000002167053e920 Exception <a 'java/lang/ClassNotFoundException'{0x0000000086431858}: org/gradle/api/internal/artifacts/configurations/DefaultConfigurationContainer_DecoratedBeanInfo> (0x0000000086431858) 
thrown [s\src\hotspot\share\classfile\systemDictionary.cpp, line 256]
Event: 24.443 Thread 0x000002167053e920 Exception <a 'java/lang/ClassNotFoundException'{0x0000000086448960}: org/gradle/api/internal/artifacts/configurations/DefaultConfigurationContainerBeanInfo> (0x0000000086448960) 
thrown [s\src\hotspot\share\classfile\systemDictionary.cpp, line 256]
Event: 24.445 Thread 0x000002167053e920 Exception <a 'java/lang/ClassNotFoundException'{0x000000008645cac0}: org/gradle/api/internal/AbstractValidatingNamedDomainObjectContainerBeanInfo> (0x000000008645cac0) 
thrown [s\src\hotspot\share\classfile\systemDictionary.cpp, line 256]
Event: 24.446 Thread 0x000002167053e920 Exception <a 'java/lang/ClassNotFoundException'{0x0000000086470c20}: org/gradle/api/internal/AbstractValidatingNamedDomainObjectContainerCustomizer> (0x0000000086470c20) 
thrown [s\src\hotspot\share\classfile\systemDictionary.cpp, line 256]
Event: 24.448 Thread 0x000002167053e920 Exception <a 'java/lang/ClassNotFoundException'{0x0000000086492f78}: org/gradle/api/internal/artifacts/configurations/DefaultConfigurationContainerCustomizer> (0x0000000086492f78) 
thrown [s\src\hotspot\share\classfile\systemDictionary.cpp, line 256]
Event: 24.454 Thread 0x000002167053e920 Exception <a 'java/lang/ClassNotFoundException'{0x00000000864be378}: org/gradle/api/internal/artifacts/configurations/DefaultConfigurationContainer_DecoratedCustomizer> (0x00000000864be378) 
thrown [s\src\hotspot\share\classfile\systemDictionary.cpp, line 256]
Event: 24.462 Thread 0x000002167053e920 Exception <a 'java/lang/ClassNotFoundException'{0x00000000863976d0}: java/util/LinkedHashSetBeanInfo> (0x00000000863976d0) 
thrown [s\src\hotspot\share\classfile\systemDictionary.cpp, line 256]
Event: 24.462 Thread 0x000002167053e920 Exception <a 'java/lang/ClassNotFoundException'{0x000000008639eef8}: java/util/HashSetBeanInfo> (0x000000008639eef8) 
thrown [s\src\hotspot\share\classfile\systemDictionary.cpp, line 256]
Event: 24.463 Thread 0x000002167053e920 Exception <a 'java/lang/ClassNotFoundException'{0x00000000863a6720}: java/util/AbstractSetBeanInfo> (0x00000000863a6720) 
thrown [s\src\hotspot\share\classfile\systemDictionary.cpp, line 256]
Event: 24.465 Thread 0x000002167053e920 Exception <a 'java/lang/ClassNotFoundException'{0x00000000863adf70}: java/util/AbstractSetCustomizer> (0x00000000863adf70) 
thrown [s\src\hotspot\share\classfile\systemDictionary.cpp, line 256]
Event: 24.466 Thread 0x000002167053e920 Exception <a 'java/lang/ClassNotFoundException'{0x00000000863b9b00}: java/util/HashSetCustomizer> (0x00000000863b9b00) 
thrown [s\src\hotspot\share\classfile\systemDictionary.cpp, line 256]
Event: 24.471 Thread 0x000002167053e920 Exception <a 'java/lang/ClassNotFoundException'{0x00000000863cb590}: java/util/LinkedHashSetCustomizer> (0x00000000863cb590) 
thrown [s\src\hotspot\share\classfile\systemDictionary.cpp, line 256]
Event: 24.487 Thread 0x000002167053e920 Exception <a 'java/lang/ClassNotFoundException'{0x0000000086017718}: org/gradle/api/internal/artifacts/configurations/DefaultConfiguration_DecoratedBeanInfo> (0x0000000086017718) 
thrown [s\src\hotspot\share\classfile\systemDictionary.cpp, line 256]
Event: 24.489 Thread 0x000002167053e920 Exception <a 'java/lang/ClassNotFoundException'{0x000000008602e5d0}: org/gradle/api/internal/artifacts/configurations/DefaultConfigurationBeanInfo> (0x000000008602e5d0) 
thrown [s\src\hotspot\share\classfile\systemDictionary.cpp, line 256]
Event: 24.492 Thread 0x000002167053e920 Exception <a 'java/lang/ClassNotFoundException'{0x0000000086042640}: org/gradle/api/internal/file/AbstractFileCollectionBeanInfo> (0x0000000086042640) 
thrown [s\src\hotspot\share\classfile\systemDictionary.cpp, line 256]
Event: 24.493 Thread 0x000002167053e920 Exception <a 'java/lang/ClassNotFoundException'{0x0000000086056680}: org/gradle/api/internal/file/AbstractFileCollectionCustomizer> (0x0000000086056680) 
thrown [s\src\hotspot\share\classfile\systemDictionary.cpp, line 256]
Event: 24.496 Thread 0x000002167053e920 Exception <a 'java/lang/ClassNotFoundException'{0x000000008607f9a0}: org/gradle/api/internal/artifacts/configurations/DefaultConfigurationCustomizer> (0x000000008607f9a0) 
thrown [s\src\hotspot\share\classfile\systemDictionary.cpp, line 256]
Event: 24.501 Thread 0x000002167053e920 Exception <a 'java/lang/ClassNotFoundException'{0x00000000860f3fd8}: org/gradle/api/internal/artifacts/configurations/DefaultConfiguration_DecoratedCustomizer> (0x00000000860f3fd8) 
thrown [s\src\hotspot\share\classfile\systemDictionary.cpp, line 256]

VM Operations (20 events):
Event: 22.743 Executing VM operation: HandshakeAllThreads
Event: 22.743 Executing VM operation: HandshakeAllThreads done
Event: 23.114 Executing VM operation: HandshakeAllThreads
Event: 23.114 Executing VM operation: HandshakeAllThreads done
Event: 23.282 Executing VM operation: ICBufferFull
Event: 23.283 Executing VM operation: ICBufferFull done
Event: 23.416 Executing VM operation: G1CollectForAllocation
Event: 23.422 Executing VM operation: G1CollectForAllocation done
Event: 23.611 Executing VM operation: HandshakeAllThreads
Event: 23.611 Executing VM operation: HandshakeAllThreads done
Event: 24.150 Executing VM operation: G1CollectForAllocation
Event: 24.159 Executing VM operation: G1CollectForAllocation done
Event: 24.235 Executing VM operation: G1Concurrent
Event: 24.244 Executing VM operation: G1Concurrent done
Event: 24.281 Executing VM operation: G1Concurrent
Event: 24.281 Executing VM operation: G1Concurrent done
Event: 24.616 Executing VM operation: HandshakeAllThreads
Event: 24.616 Executing VM operation: HandshakeAllThreads done
Event: 24.737 Executing VM operation: G1CollectForAllocation
Event: 24.749 Executing VM operation: G1CollectForAllocation done

Events (20 events):
Event: 24.462 loading class java/util/HashSetBeanInfo
Event: 24.462 loading class java/util/HashSetBeanInfo done
Event: 24.462 loading class java/util/HashSetBeanInfo
Event: 24.462 loading class java/util/HashSetBeanInfo done
Event: 24.462 loading class java/util/AbstractSetBeanInfo
Event: 24.462 loading class java/util/AbstractSetBeanInfo done
Event: 24.463 loading class java/util/AbstractSetBeanInfo
Event: 24.463 loading class java/util/AbstractSetBeanInfo done
Event: 24.463 loading class java/util/AbstractSetCustomizer
Event: 24.463 loading class java/util/AbstractSetCustomizer done
Event: 24.464 loading class java/util/AbstractSetCustomizer
Event: 24.464 loading class java/util/AbstractSetCustomizer done
Event: 24.465 loading class java/util/HashSetCustomizer
Event: 24.465 loading class java/util/HashSetCustomizer done
Event: 24.466 loading class java/util/HashSetCustomizer
Event: 24.466 loading class java/util/HashSetCustomizer done
Event: 24.467 loading class java/util/LinkedHashSetCustomizer
Event: 24.467 loading class java/util/LinkedHashSetCustomizer done
Event: 24.471 loading class java/util/LinkedHashSetCustomizer
Event: 24.471 loading class java/util/LinkedHashSetCustomizer done


Dynamic libraries:
0x00007ff61d460000 - 0x00007ff61d46a000 	D:\Jetbrains\apps\AndroidStudio\ch-0\222.4459.24.2221.9971841\jbr\bin\java.exe
0x00007ff8d1770000 - 0x00007ff8d1984000 	C:\Windows\SYSTEM32\ntdll.dll
0x00007ff8d0910000 - 0x00007ff8d09d2000 	C:\Windows\System32\KERNEL32.DLL
0x00007ff8cf1c0000 - 0x00007ff8cf563000 	C:\Windows\System32\KERNELBASE.dll
0x00007ff8cef80000 - 0x00007ff8cf091000 	C:\Windows\System32\ucrtbase.dll
0x00007ff8c55d0000 - 0x00007ff8c55e7000 	D:\Jetbrains\apps\AndroidStudio\ch-0\222.4459.24.2221.9971841\jbr\bin\jli.dll
0x00007ff8d1580000 - 0x00007ff8d172b000 	C:\Windows\System32\USER32.dll
0x00007ff8ceda0000 - 0x00007ff8cedc6000 	C:\Windows\System32\win32u.dll
0x00007ff8b6260000 - 0x00007ff8b64ee000 	C:\Windows\WinSxS\amd64_microsoft.windows.common-controls_6595b64144ccf1df_6.0.22621.1635_none_270f70857386168e\COMCTL32.dll
0x00007ff8d1080000 - 0x00007ff8d10a9000 	C:\Windows\System32\GDI32.dll
0x00007ff8cf570000 - 0x00007ff8cf617000 	C:\Windows\System32\msvcrt.dll
0x00007ff8cf0a0000 - 0x00007ff8cf1b8000 	C:\Windows\System32\gdi32full.dll
0x00007ff8ced00000 - 0x00007ff8ced9a000 	C:\Windows\System32\msvcp_win.dll
0x00007ff8bd8c0000 - 0x00007ff8bd8db000 	D:\Jetbrains\apps\AndroidStudio\ch-0\222.4459.24.2221.9971841\jbr\bin\VCRUNTIME140.dll
0x00007ff8d00f0000 - 0x00007ff8d0121000 	C:\Windows\System32\IMM32.DLL
0x00007ff8c9990000 - 0x00007ff8c999c000 	D:\Jetbrains\apps\AndroidStudio\ch-0\222.4459.24.2221.9971841\jbr\bin\vcruntime140_1.dll
0x00007ff8bd830000 - 0x00007ff8bd8bd000 	D:\Jetbrains\apps\AndroidStudio\ch-0\222.4459.24.2221.9971841\jbr\bin\msvcp140.dll
0x00007ff834f30000 - 0x00007ff835b9d000 	D:\Jetbrains\apps\AndroidStudio\ch-0\222.4459.24.2221.9971841\jbr\bin\server\jvm.dll
0x00007ff8d0800000 - 0x00007ff8d08ae000 	C:\Windows\System32\ADVAPI32.dll
0x00007ff8cf620000 - 0x00007ff8cf6c4000 	C:\Windows\System32\sechost.dll
0x00007ff8d0a60000 - 0x00007ff8d0b77000 	C:\Windows\System32\RPCRT4.dll
0x00007ff8c7ad0000 - 0x00007ff8c7ad9000 	C:\Windows\SYSTEM32\WSOCK32.dll
0x00007ff8c70a0000 - 0x00007ff8c70d4000 	C:\Windows\SYSTEM32\WINMM.dll
0x00007ff8cf6d0000 - 0x00007ff8cf741000 	C:\Windows\System32\WS2_32.dll
0x00007ff8c76b0000 - 0x00007ff8c76ba000 	C:\Windows\SYSTEM32\VERSION.dll
0x00007ff8cdca0000 - 0x00007ff8cdcb8000 	C:\Windows\SYSTEM32\kernel.appcore.dll
0x00007ff8977c0000 - 0x00007ff8977ca000 	D:\Jetbrains\apps\AndroidStudio\ch-0\222.4459.24.2221.9971841\jbr\bin\jimage.dll
0x00007ff8cc4d0000 - 0x00007ff8cc6fe000 	C:\Windows\SYSTEM32\DBGHELP.DLL
0x00007ff8d0470000 - 0x00007ff8d07f9000 	C:\Windows\System32\combase.dll
0x00007ff8d10c0000 - 0x00007ff8d1197000 	C:\Windows\System32\OLEAUT32.dll
0x00007ff8b4620000 - 0x00007ff8b4652000 	C:\Windows\SYSTEM32\dbgcore.DLL
0x00007ff8cef00000 - 0x00007ff8cef7b000 	C:\Windows\System32\bcryptPrimitives.dll
0x00007ff873620000 - 0x00007ff873645000 	D:\Jetbrains\apps\AndroidStudio\ch-0\222.4459.24.2221.9971841\jbr\bin\java.dll
0x00007ff88c3e0000 - 0x00007ff88c3f8000 	D:\Jetbrains\apps\AndroidStudio\ch-0\222.4459.24.2221.9971841\jbr\bin\zip.dll
0x00007ff8cf750000 - 0x00007ff8cff4a000 	C:\Windows\System32\SHELL32.dll
0x00007ff8ccb50000 - 0x00007ff8cd41e000 	C:\Windows\SYSTEM32\windows.storage.dll
0x00007ff8cca10000 - 0x00007ff8ccb4e000 	C:\Windows\SYSTEM32\wintypes.dll
0x00007ff8d11a0000 - 0x00007ff8d1291000 	C:\Windows\System32\SHCORE.dll
0x00007ff8d0410000 - 0x00007ff8d046e000 	C:\Windows\System32\shlwapi.dll
0x00007ff8ceac0000 - 0x00007ff8ceae1000 	C:\Windows\SYSTEM32\profapi.dll
0x00007ff877480000 - 0x00007ff877499000 	D:\Jetbrains\apps\AndroidStudio\ch-0\222.4459.24.2221.9971841\jbr\bin\net.dll
0x00007ff8c16c0000 - 0x00007ff8c17f7000 	C:\Windows\SYSTEM32\WINHTTP.dll
0x00007ff8ce140000 - 0x00007ff8ce1a9000 	C:\Windows\system32\mswsock.dll
0x00007ff8733f0000 - 0x00007ff873406000 	D:\Jetbrains\apps\AndroidStudio\ch-0\222.4459.24.2221.9971841\jbr\bin\nio.dll
0x00007ff8733e0000 - 0x00007ff8733f0000 	D:\Jetbrains\apps\AndroidStudio\ch-0\222.4459.24.2221.9971841\jbr\bin\verify.dll
0x00007ff8c88b0000 - 0x00007ff8c88d7000 	C:\Users\haris\.gradle\native\68d5fa5c4cc2d200863cafc0d521ce42e7d3e7ee720ec0a83991735586a16f82\windows-amd64\native-platform.dll
0x00007ff8bd280000 - 0x00007ff8bd3c4000 	C:\Users\haris\.gradle\native\e376f236ea51e6404a007f0833ffe2c6e607c4080706a723a18a27aeea778392\windows-amd64\native-platform-file-events.dll
0x00007ff8977b0000 - 0x00007ff8977b9000 	D:\Jetbrains\apps\AndroidStudio\ch-0\222.4459.24.2221.9971841\jbr\bin\management.dll
0x00007ff87b500000 - 0x00007ff87b50b000 	D:\Jetbrains\apps\AndroidStudio\ch-0\222.4459.24.2221.9971841\jbr\bin\management_ext.dll
0x00007ff8d1350000 - 0x00007ff8d1358000 	C:\Windows\System32\PSAPI.DLL
0x00007ff8ce3a0000 - 0x00007ff8ce3bb000 	C:\Windows\SYSTEM32\CRYPTSP.dll
0x00007ff8cdc10000 - 0x00007ff8cdc45000 	C:\Windows\system32\rsaenh.dll
0x00007ff8ce240000 - 0x00007ff8ce268000 	C:\Windows\SYSTEM32\USERENV.dll
0x00007ff8ce560000 - 0x00007ff8ce588000 	C:\Windows\SYSTEM32\bcrypt.dll
0x00007ff8ce3c0000 - 0x00007ff8ce3cc000 	C:\Windows\SYSTEM32\CRYPTBASE.dll
0x00007ff8cd730000 - 0x00007ff8cd75d000 	C:\Windows\SYSTEM32\IPHLPAPI.DLL
0x00007ff8d0a30000 - 0x00007ff8d0a39000 	C:\Windows\System32\NSI.dll
0x00007ff8c16a0000 - 0x00007ff8c16b9000 	C:\Windows\SYSTEM32\dhcpcsvc6.DLL
0x00007ff8c1680000 - 0x00007ff8c169f000 	C:\Windows\SYSTEM32\dhcpcsvc.DLL
0x00007ff8cd760000 - 0x00007ff8cd853000 	C:\Windows\SYSTEM32\DNSAPI.dll
0x00007ff873140000 - 0x00007ff873148000 	C:\Windows\system32\wshunix.dll

dbghelp: loaded successfully - version: 4.0.5 - missing functions: none
symbol engine: initialized successfully - sym options: 0x614 - pdb path: .;D:\Jetbrains\apps\AndroidStudio\ch-0\222.4459.24.2221.9971841\jbr\bin;C:\Windows\SYSTEM32;C:\Windows\WinSxS\amd64_microsoft.windows.common-controls_6595b64144ccf1df_6.0.22621.1635_none_270f70857386168e;D:\Jetbrains\apps\AndroidStudio\ch-0\222.4459.24.2221.9971841\jbr\bin\server;C:\Users\haris\.gradle\native\68d5fa5c4cc2d200863cafc0d521ce42e7d3e7ee720ec0a83991735586a16f82\windows-amd64;C:\Users\haris\.gradle\native\e376f236ea51e6404a007f0833ffe2c6e607c4080706a723a18a27aeea778392\windows-amd64

VM Arguments:
jvm_args: --add-opens=java.base/java.util=ALL-UNNAMED --add-opens=java.base/java.lang=ALL-UNNAMED --add-opens=java.base/java.lang.invoke=ALL-UNNAMED --add-opens=java.prefs/java.util.prefs=ALL-UNNAMED --add-opens=java.base/java.nio.charset=ALL-UNNAMED --add-opens=java.base/java.net=ALL-UNNAMED --add-opens=java.base/java.util.concurrent.atomic=ALL-UNNAMED -Xmx2048m -Dfile.encoding=UTF-8 -Duser.country=US -Duser.language=en -Duser.variant 
java_command: org.gradle.launcher.daemon.bootstrap.GradleDaemon 8.0
java_class_path (initial): C:\Users\haris\.gradle\wrapper\dists\gradle-8.0-bin\ca5e32bp14vu59qr306oxotwh\gradle-8.0\lib\gradle-launcher-8.0.jar
Launcher Type: SUN_STANDARD

[Global flags]
     intx CICompilerCount                          = 4                                         {product} {ergonomic}
     uint ConcGCThreads                            = 2                                         {product} {ergonomic}
     uint G1ConcRefinementThreads                  = 8                                         {product} {ergonomic}
   size_t G1HeapRegionSize                         = 1048576                                   {product} {ergonomic}
    uintx GCDrainStackTargetSize                   = 64                                        {product} {ergonomic}
   size_t InitialHeapSize                          = 266338304                                 {product} {ergonomic}
   size_t MarkStackSize                            = 4194304                                   {product} {ergonomic}
   size_t MaxHeapSize                              = 2147483648                                {product} {command line}
   size_t MaxNewSize                               = 1287651328                                {product} {ergonomic}
   size_t MinHeapDeltaBytes                        = 1048576                                   {product} {ergonomic}
   size_t MinHeapSize                              = 8388608                                   {product} {ergonomic}
    uintx NonNMethodCodeHeapSize                   = 5839372                                {pd product} {ergonomic}
    uintx NonProfiledCodeHeapSize                  = 122909434                              {pd product} {ergonomic}
    uintx ProfiledCodeHeapSize                     = 122909434                              {pd product} {ergonomic}
    uintx ReservedCodeCacheSize                    = 251658240                              {pd product} {ergonomic}
     bool SegmentedCodeCache                       = true                                      {product} {ergonomic}
   size_t SoftMaxHeapSize                          = 2147483648                             {manageable} {ergonomic}
     bool UseCompressedClassPointers               = true                           {product lp64_product} {ergonomic}
     bool UseCompressedOops                        = true                           {product lp64_product} {ergonomic}
     bool UseG1GC                                  = true                                      {product} {ergonomic}
     bool UseLargePagesIndividualAllocation        = false                                  {pd product} {ergonomic}

Logging:
Log output configuration:
 #0: stdout all=warning uptime,level,tags
 #1: stderr all=off uptime,level,tags

Environment Variables:
JAVA_HOME=C:\Program Files\Java\jdk-18.0.1.1
PATH=C:\Program Files\Common Files\Oracle\Java\javapath;C:\Windows\system32;C:\Windows;C:\Windows\System32\Wbem;C:\Windows\System32\WindowsPowerShell\v1.0\;C:\Windows\System32\OpenSSH\;C:\Program Files (x86)\NVIDIA Corporation\PhysX\Common;C:\Program Files\NVIDIA Corporation\NVIDIA NvDLISR;C:\Program Files\nodejs\;C:\Program Files\dotnet\;C:\xampp\php;C:\ProgramData\ComposerSetup\bin;C:\Program Files\Git\cmd;C:\Users\haris\AppData\Local\Microsoft\WindowsApps;C:\Users\haris\AppData\Roaming\npm;C:\Users\haris\AppData\Local\GitHubDesktop\bin;C:\Users\haris\AppData\Local\JetBrains\Toolbox\scripts;C:\Users\haris\AppData\Roaming\Composer\vendor\bin;C:\flutter\bin;D:\anaconda3\condabin;D:\Microsoft VS Code\bin;C:\Users\haris\AppData\Local\Microsoft\WindowsApps\python.exe;C:\FFMpeg\bin;C:\xampp\mysql\bin
USERNAME=haris
OS=Windows_NT
PROCESSOR_IDENTIFIER=Intel64 Family 6 Model 142 Stepping 12, GenuineIntel
TMP=C:\Users\haris\AppData\Local\Temp
TEMP=C:\Users\haris\AppData\Local\Temp



---------------  S Y S T E M  ---------------

OS:
 Windows 11 , 64 bit Build 22621 (10.0.22621.1635)
OS uptime: 0 days 1:23 hours
Hyper-V role detected

CPU: total 8 (initial active 8) (4 cores per cpu, 2 threads per core) family 6 model 142 stepping 12 microcode 0xde, cx8, cmov, fxsr, ht, mmx, 3dnowpref, sse, sse2, sse3, ssse3, sse4.1, sse4.2, popcnt, lzcnt, tsc, tscinvbit, avx, avx2, aes, erms, clmul, bmi1, bmi2, adx, fma, vzeroupper, clflush, clflushopt, hv

Memory: 4k page, system-wide physical 16224M (3299M free)
TotalPageFile size 19148M (AvailPageFile size 7M)
current process WorkingSet (physical memory assigned to process): 347M, peak: 347M
current process commit charge ("private bytes"): 386M, peak: 395M

vm_info: OpenJDK 64-Bit Server VM (17.0.6+0-b2043.56-9586694) for windows-amd64 JRE (17.0.6+0-b2043.56-9586694), built on Feb  9 2023 20:06:20 by "androidbuild" with MS VC++ 16.10 / 16.11 (VS2019)

END.
